{"D:\\Soit-Med\\Soit-Med-Dashboard\\src\\components\\shared\\RoleGuard.tsx": {"path":"D:\\Soit-Med\\Soit-Med-Dashboard\\src\\components\\shared\\RoleGuard.tsx","all":false,"statementMap":{"0":{"start":{"line":1,"column":0},"end":{"line":1,"column":43}},"8":{"start":{"line":9,"column":0},"end":{"line":9,"column":83}},"9":{"start":{"line":10,"column":0},"end":{"line":10,"column":58}},"11":{"start":{"line":12,"column":0},"end":{"line":12,"column":65}},"14":{"start":{"line":15,"column":0},"end":{"line":15,"column":51}},"16":{"start":{"line":17,"column":0},"end":{"line":17,"column":91}},"17":{"start":{"line":18,"column":0},"end":{"line":18,"column":51}},"18":{"start":{"line":19,"column":0},"end":{"line":19,"column":5}},"20":{"start":{"line":21,"column":0},"end":{"line":21,"column":19}},"21":{"start":{"line":22,"column":0},"end":{"line":22,"column":1}}},"s":{"0":1,"8":5,"9":5,"11":5,"14":5,"16":5,"17":1,"18":1,"20":1,"21":1},"branchMap":{"0":{"type":"branch","line":9,"loc":{"start":{"line":9,"column":0},"end":{"line":22,"column":1}},"locations":[{"start":{"line":9,"column":0},"end":{"line":22,"column":1}}]},"1":{"type":"branch","line":12,"loc":{"start":{"line":12,"column":26},"end":{"line":12,"column":65}},"locations":[{"start":{"line":12,"column":26},"end":{"line":12,"column":65}}]},"2":{"type":"branch","line":12,"loc":{"start":{"line":12,"column":63},"end":{"line":15,"column":43}},"locations":[{"start":{"line":12,"column":63},"end":{"line":15,"column":43}}]},"3":{"type":"branch","line":15,"loc":{"start":{"line":15,"column":36},"end":{"line":17,"column":28}},"locations":[{"start":{"line":15,"column":36},"end":{"line":17,"column":28}}]},"4":{"type":"branch","line":17,"loc":{"start":{"line":17,"column":8},"end":{"line":17,"column":59}},"locations":[{"start":{"line":17,"column":8},"end":{"line":17,"column":59}}]},"5":{"type":"branch","line":17,"loc":{"start":{"line":17,"column":54},"end":{"line":17,"column":90}},"locations":[{"start":{"line":17,"column":54},"end":{"line":17,"column":90}}]},"6":{"type":"branch","line":17,"loc":{"start":{"line":17,"column":90},"end":{"line":22,"column":1}},"locations":[{"start":{"line":17,"column":90},"end":{"line":22,"column":1}}]}},"b":{"0":[5],"1":[1],"2":[4],"3":[2],"4":[1],"5":[1],"6":[1]},"fnMap":{"0":{"name":"RoleGuard","decl":{"start":{"line":9,"column":0},"end":{"line":22,"column":1}},"loc":{"start":{"line":9,"column":0},"end":{"line":22,"column":1}},"line":9}},"f":{"0":5}}
,"D:\\Soit-Med\\Soit-Med-Dashboard\\src\\components\\shared\\__tests__\\RoleGuard.test.tsx": {"path":"D:\\Soit-Med\\Soit-Med-Dashboard\\src\\components\\shared\\__tests__\\RoleGuard.test.tsx","all":false,"statementMap":{"0":{"start":{"line":1,"column":0},"end":{"line":1,"column":62}},"20":{"start":{"line":21,"column":0},"end":{"line":21,"column":39}},"21":{"start":{"line":22,"column":0},"end":{"line":22,"column":19}},"22":{"start":{"line":23,"column":0},"end":{"line":23,"column":21}},"23":{"start":{"line":24,"column":0},"end":{"line":24,"column":4}},"25":{"start":{"line":26,"column":0},"end":{"line":26,"column":80}},"26":{"start":{"line":27,"column":0},"end":{"line":27,"column":41}},"27":{"start":{"line":28,"column":0},"end":{"line":28,"column":25}},"28":{"start":{"line":29,"column":0},"end":{"line":29,"column":33}},"29":{"start":{"line":30,"column":0},"end":{"line":30,"column":5}},"31":{"start":{"line":32,"column":0},"end":{"line":32,"column":31}},"32":{"start":{"line":33,"column":0},"end":{"line":33,"column":18}},"33":{"start":{"line":34,"column":0},"end":{"line":34,"column":44}},"34":{"start":{"line":35,"column":0},"end":{"line":35,"column":33}},"35":{"start":{"line":36,"column":0},"end":{"line":36,"column":16}},"36":{"start":{"line":37,"column":0},"end":{"line":37,"column":19}},"37":{"start":{"line":38,"column":0},"end":{"line":38,"column":4}},"39":{"start":{"line":40,"column":0},"end":{"line":40,"column":61}},"40":{"start":{"line":41,"column":0},"end":{"line":41,"column":4}},"42":{"start":{"line":43,"column":0},"end":{"line":43,"column":64}},"43":{"start":{"line":44,"column":0},"end":{"line":44,"column":41}},"44":{"start":{"line":45,"column":0},"end":{"line":45,"column":26}},"45":{"start":{"line":46,"column":0},"end":{"line":46,"column":34}},"46":{"start":{"line":47,"column":0},"end":{"line":47,"column":5}},"48":{"start":{"line":49,"column":0},"end":{"line":49,"column":33}},"49":{"start":{"line":50,"column":0},"end":{"line":50,"column":18}},"50":{"start":{"line":51,"column":0},"end":{"line":51,"column":44}},"51":{"start":{"line":52,"column":0},"end":{"line":52,"column":33}},"52":{"start":{"line":53,"column":0},"end":{"line":53,"column":16}},"53":{"start":{"line":54,"column":0},"end":{"line":54,"column":19}},"54":{"start":{"line":55,"column":0},"end":{"line":55,"column":4}},"56":{"start":{"line":57,"column":0},"end":{"line":57,"column":54}},"57":{"start":{"line":58,"column":0},"end":{"line":58,"column":61}},"58":{"start":{"line":59,"column":0},"end":{"line":59,"column":4}},"60":{"start":{"line":61,"column":0},"end":{"line":61,"column":52}},"61":{"start":{"line":62,"column":0},"end":{"line":62,"column":41}},"62":{"start":{"line":63,"column":0},"end":{"line":63,"column":25}},"63":{"start":{"line":64,"column":0},"end":{"line":64,"column":62}},"64":{"start":{"line":65,"column":0},"end":{"line":65,"column":5}},"66":{"start":{"line":67,"column":0},"end":{"line":67,"column":31}},"67":{"start":{"line":68,"column":0},"end":{"line":68,"column":18}},"68":{"start":{"line":69,"column":0},"end":{"line":69,"column":44}},"69":{"start":{"line":70,"column":0},"end":{"line":70,"column":33}},"70":{"start":{"line":71,"column":0},"end":{"line":71,"column":16}},"71":{"start":{"line":72,"column":0},"end":{"line":72,"column":19}},"72":{"start":{"line":73,"column":0},"end":{"line":73,"column":4}},"74":{"start":{"line":75,"column":0},"end":{"line":75,"column":61}},"75":{"start":{"line":76,"column":0},"end":{"line":76,"column":4}},"77":{"start":{"line":78,"column":0},"end":{"line":78,"column":68}},"78":{"start":{"line":79,"column":0},"end":{"line":79,"column":41}},"79":{"start":{"line":80,"column":0},"end":{"line":80,"column":25}},"80":{"start":{"line":81,"column":0},"end":{"line":81,"column":34}},"81":{"start":{"line":82,"column":0},"end":{"line":82,"column":5}},"83":{"start":{"line":84,"column":0},"end":{"line":84,"column":33}},"84":{"start":{"line":85,"column":0},"end":{"line":85,"column":18}},"85":{"start":{"line":86,"column":0},"end":{"line":86,"column":44}},"86":{"start":{"line":87,"column":0},"end":{"line":87,"column":33}},"87":{"start":{"line":88,"column":0},"end":{"line":88,"column":16}},"88":{"start":{"line":89,"column":0},"end":{"line":89,"column":19}},"89":{"start":{"line":90,"column":0},"end":{"line":90,"column":4}},"91":{"start":{"line":92,"column":0},"end":{"line":92,"column":54}},"92":{"start":{"line":93,"column":0},"end":{"line":93,"column":65}},"93":{"start":{"line":94,"column":0},"end":{"line":94,"column":4}},"95":{"start":{"line":96,"column":0},"end":{"line":96,"column":58}},"96":{"start":{"line":97,"column":0},"end":{"line":97,"column":41}},"97":{"start":{"line":98,"column":0},"end":{"line":98,"column":25}},"98":{"start":{"line":99,"column":0},"end":{"line":99,"column":34}},"99":{"start":{"line":100,"column":0},"end":{"line":100,"column":5}},"101":{"start":{"line":102,"column":0},"end":{"line":102,"column":31}},"102":{"start":{"line":103,"column":0},"end":{"line":103,"column":18}},"103":{"start":{"line":104,"column":0},"end":{"line":104,"column":15}},"104":{"start":{"line":105,"column":0},"end":{"line":105,"column":30}},"105":{"start":{"line":106,"column":0},"end":{"line":106,"column":16}},"106":{"start":{"line":107,"column":0},"end":{"line":107,"column":19}},"107":{"start":{"line":108,"column":0},"end":{"line":108,"column":4}},"109":{"start":{"line":110,"column":0},"end":{"line":110,"column":58}},"110":{"start":{"line":111,"column":0},"end":{"line":111,"column":4}},"111":{"start":{"line":112,"column":0},"end":{"line":112,"column":3}}},"s":{"0":1,"20":1,"21":1,"22":5,"23":1,"25":1,"26":1,"27":1,"28":1,"29":1,"31":1,"32":1,"33":1,"34":1,"35":1,"36":1,"37":1,"39":1,"40":1,"42":1,"43":1,"44":1,"45":1,"46":1,"48":1,"49":1,"50":1,"51":1,"52":1,"53":1,"54":1,"56":1,"57":1,"58":1,"60":1,"61":1,"62":1,"63":1,"64":1,"66":1,"67":1,"68":1,"69":1,"70":1,"71":1,"72":1,"74":1,"75":1,"77":1,"78":1,"79":1,"80":1,"81":1,"83":1,"84":1,"85":1,"86":1,"87":1,"88":1,"89":1,"91":1,"92":1,"93":1,"95":1,"96":1,"97":1,"98":1,"99":1,"101":1,"102":1,"103":1,"104":1,"105":1,"106":1,"107":1,"109":1,"110":1,"111":1},"branchMap":{"0":{"type":"branch","line":21,"loc":{"start":{"line":21,"column":32},"end":{"line":112,"column":3}},"locations":[{"start":{"line":21,"column":32},"end":{"line":112,"column":3}}]},"1":{"type":"branch","line":22,"loc":{"start":{"line":22,"column":12},"end":{"line":24,"column":2}},"locations":[{"start":{"line":22,"column":12},"end":{"line":24,"column":2}}]},"2":{"type":"branch","line":26,"loc":{"start":{"line":26,"column":73},"end":{"line":41,"column":2}},"locations":[{"start":{"line":26,"column":73},"end":{"line":41,"column":2}}]},"3":{"type":"branch","line":29,"loc":{"start":{"line":29,"column":21},"end":{"line":29,"column":31}},"locations":[{"start":{"line":29,"column":21},"end":{"line":29,"column":31}}]},"4":{"type":"branch","line":43,"loc":{"start":{"line":43,"column":57},"end":{"line":59,"column":2}},"locations":[{"start":{"line":43,"column":57},"end":{"line":59,"column":2}}]},"5":{"type":"branch","line":61,"loc":{"start":{"line":61,"column":45},"end":{"line":76,"column":2}},"locations":[{"start":{"line":61,"column":45},"end":{"line":76,"column":2}}]},"6":{"type":"branch","line":64,"loc":{"start":{"line":64,"column":21},"end":{"line":64,"column":60}},"locations":[{"start":{"line":64,"column":21},"end":{"line":64,"column":60}}]},"7":{"type":"branch","line":78,"loc":{"start":{"line":78,"column":61},"end":{"line":94,"column":2}},"locations":[{"start":{"line":78,"column":61},"end":{"line":94,"column":2}}]},"8":{"type":"branch","line":81,"loc":{"start":{"line":81,"column":21},"end":{"line":81,"column":32}},"locations":[{"start":{"line":81,"column":21},"end":{"line":81,"column":32}}]},"9":{"type":"branch","line":96,"loc":{"start":{"line":96,"column":51},"end":{"line":111,"column":2}},"locations":[{"start":{"line":96,"column":51},"end":{"line":111,"column":2}}]},"10":{"type":"branch","line":99,"loc":{"start":{"line":99,"column":21},"end":{"line":99,"column":32}},"locations":[{"start":{"line":99,"column":21},"end":{"line":99,"column":32}}]}},"b":{"0":[1],"1":[5],"2":[1],"3":[1],"4":[1],"5":[1],"6":[1],"7":[1],"8":[2],"9":[1],"10":[1]},"fnMap":{},"f":{}}
,"D:\\Soit-Med\\Soit-Med-Dashboard\\src\\components\\shared\\components\\FilterCard.tsx": {"path":"D:\\Soit-Med\\Soit-Med-Dashboard\\src\\components\\shared\\components\\FilterCard.tsx","all":false,"statementMap":{"0":{"start":{"line":1,"column":0},"end":{"line":1,"column":26}},"10":{"start":{"line":11,"column":0},"end":{"line":11,"column":55}},"11":{"start":{"line":12,"column":0},"end":{"line":12,"column":31}},"12":{"start":{"line":13,"column":0},"end":{"line":13,"column":13}},"13":{"start":{"line":14,"column":0},"end":{"line":14,"column":18}},"14":{"start":{"line":15,"column":0},"end":{"line":15,"column":7}},"15":{"start":{"line":16,"column":0},"end":{"line":16,"column":12}},"16":{"start":{"line":17,"column":0},"end":{"line":17,"column":36}},"17":{"start":{"line":18,"column":0},"end":{"line":18,"column":24}},"18":{"start":{"line":19,"column":0},"end":{"line":19,"column":63}},"19":{"start":{"line":20,"column":0},"end":{"line":20,"column":50}},"20":{"start":{"line":21,"column":0},"end":{"line":21,"column":27}},"21":{"start":{"line":22,"column":0},"end":{"line":22,"column":28}},"22":{"start":{"line":23,"column":0},"end":{"line":23,"column":25}},"23":{"start":{"line":24,"column":0},"end":{"line":24,"column":47}},"24":{"start":{"line":25,"column":0},"end":{"line":25,"column":26}},"25":{"start":{"line":26,"column":0},"end":{"line":26,"column":26}},"26":{"start":{"line":27,"column":0},"end":{"line":27,"column":15}},"28":{"start":{"line":29,"column":0},"end":{"line":29,"column":2}}},"s":{"0":1,"10":1,"11":6,"12":6,"13":6,"14":6,"15":6,"16":6,"17":6,"18":6,"19":6,"20":6,"21":6,"22":6,"23":6,"24":6,"25":6,"26":6,"28":6},"branchMap":{"0":{"type":"branch","line":11,"loc":{"start":{"line":11,"column":53},"end":{"line":29,"column":2}},"locations":[{"start":{"line":11,"column":53},"end":{"line":29,"column":2}}]}},"b":{"0":[6]},"fnMap":{"0":{"name":"FilterCard","decl":{"start":{"line":11,"column":53},"end":{"line":29,"column":2}},"loc":{"start":{"line":11,"column":53},"end":{"line":29,"column":2}},"line":11}},"f":{"0":6}}
,"D:\\Soit-Med\\Soit-Med-Dashboard\\src\\components\\shared\\components\\LoadingSpinner.tsx": {"path":"D:\\Soit-Med\\Soit-Med-Dashboard\\src\\components\\shared\\components\\LoadingSpinner.tsx","all":false,"statementMap":{"0":{"start":{"line":1,"column":0},"end":{"line":1,"column":26}},"8":{"start":{"line":9,"column":0},"end":{"line":9,"column":63}},"9":{"start":{"line":10,"column":0},"end":{"line":10,"column":16}},"10":{"start":{"line":11,"column":0},"end":{"line":11,"column":9}},"11":{"start":{"line":12,"column":0},"end":{"line":12,"column":18}},"12":{"start":{"line":13,"column":0},"end":{"line":13,"column":7}},"13":{"start":{"line":14,"column":0},"end":{"line":14,"column":25}},"14":{"start":{"line":15,"column":0},"end":{"line":15,"column":22}},"15":{"start":{"line":16,"column":0},"end":{"line":16,"column":22}},"16":{"start":{"line":17,"column":0},"end":{"line":17,"column":23}},"17":{"start":{"line":18,"column":0},"end":{"line":18,"column":6}},"19":{"start":{"line":20,"column":0},"end":{"line":20,"column":12}},"20":{"start":{"line":21,"column":0},"end":{"line":21,"column":82}},"21":{"start":{"line":22,"column":0},"end":{"line":22,"column":111}},"22":{"start":{"line":23,"column":0},"end":{"line":23,"column":22}},"23":{"start":{"line":24,"column":0},"end":{"line":24,"column":79}},"25":{"start":{"line":26,"column":0},"end":{"line":26,"column":14}},"27":{"start":{"line":28,"column":0},"end":{"line":28,"column":2}}},"s":{"0":1,"8":1,"9":8,"10":8,"11":8,"12":8,"13":8,"14":8,"15":8,"16":8,"17":8,"19":8,"20":8,"21":8,"22":8,"23":2,"25":8,"27":8},"branchMap":{"0":{"type":"branch","line":9,"loc":{"start":{"line":9,"column":61},"end":{"line":28,"column":2}},"locations":[{"start":{"line":9,"column":61},"end":{"line":28,"column":2}}]},"1":{"type":"branch","line":23,"loc":{"start":{"line":23,"column":13},"end":{"line":24,"column":79}},"locations":[{"start":{"line":23,"column":13},"end":{"line":24,"column":79}}]}},"b":{"0":[8],"1":[2]},"fnMap":{"0":{"name":"LoadingSpinner","decl":{"start":{"line":9,"column":61},"end":{"line":28,"column":2}},"loc":{"start":{"line":9,"column":61},"end":{"line":28,"column":2}},"line":9}},"f":{"0":8}}
,"D:\\Soit-Med\\Soit-Med-Dashboard\\src\\components\\shared\\components\\PageHeader.tsx": {"path":"D:\\Soit-Med\\Soit-Med-Dashboard\\src\\components\\shared\\components\\PageHeader.tsx","all":false,"statementMap":{"0":{"start":{"line":1,"column":0},"end":{"line":1,"column":26}},"9":{"start":{"line":10,"column":0},"end":{"line":10,"column":55}},"10":{"start":{"line":11,"column":0},"end":{"line":11,"column":10}},"11":{"start":{"line":12,"column":0},"end":{"line":12,"column":16}},"12":{"start":{"line":13,"column":0},"end":{"line":13,"column":11}},"13":{"start":{"line":14,"column":0},"end":{"line":14,"column":18}},"14":{"start":{"line":15,"column":0},"end":{"line":15,"column":7}},"15":{"start":{"line":16,"column":0},"end":{"line":16,"column":12}},"16":{"start":{"line":17,"column":0},"end":{"line":17,"column":74}},"17":{"start":{"line":18,"column":0},"end":{"line":18,"column":17}},"18":{"start":{"line":19,"column":0},"end":{"line":19,"column":93}},"19":{"start":{"line":20,"column":0},"end":{"line":20,"column":33}},"20":{"start":{"line":21,"column":0},"end":{"line":21,"column":73}},"21":{"start":{"line":22,"column":0},"end":{"line":22,"column":37}},"22":{"start":{"line":23,"column":0},"end":{"line":23,"column":24}},"24":{"start":{"line":25,"column":0},"end":{"line":25,"column":18}},"25":{"start":{"line":26,"column":0},"end":{"line":26,"column":30}},"26":{"start":{"line":27,"column":0},"end":{"line":27,"column":14}},"28":{"start":{"line":29,"column":0},"end":{"line":29,"column":2}}},"s":{"0":1,"9":1,"10":7,"11":7,"12":7,"13":7,"14":7,"15":7,"16":7,"17":7,"18":7,"19":7,"20":2,"21":2,"22":2,"24":7,"25":7,"26":7,"28":7},"branchMap":{"0":{"type":"branch","line":10,"loc":{"start":{"line":10,"column":53},"end":{"line":29,"column":2}},"locations":[{"start":{"line":10,"column":53},"end":{"line":29,"column":2}}]},"1":{"type":"branch","line":20,"loc":{"start":{"line":20,"column":17},"end":{"line":23,"column":24}},"locations":[{"start":{"line":20,"column":17},"end":{"line":23,"column":24}}]},"2":{"type":"branch","line":26,"loc":{"start":{"line":26,"column":13},"end":{"line":26,"column":30}},"locations":[{"start":{"line":26,"column":13},"end":{"line":26,"column":30}}]}},"b":{"0":[7],"1":[2],"2":[2]},"fnMap":{"0":{"name":"PageHeader","decl":{"start":{"line":10,"column":53},"end":{"line":29,"column":2}},"loc":{"start":{"line":10,"column":53},"end":{"line":29,"column":2}},"line":10}},"f":{"0":7}}
,"D:\\Soit-Med\\Soit-Med-Dashboard\\src\\components\\shared\\components\\__tests__\\FilterCard.test.tsx": {"path":"D:\\Soit-Med\\Soit-Med-Dashboard\\src\\components\\shared\\components\\__tests__\\FilterCard.test.tsx","all":false,"statementMap":{"0":{"start":{"line":1,"column":0},"end":{"line":1,"column":46}},"1":{"start":{"line":2,"column":0},"end":{"line":2,"column":56}},"2":{"start":{"line":3,"column":0},"end":{"line":3,"column":43}},"3":{"start":{"line":4,"column":0},"end":{"line":4,"column":46}},"5":{"start":{"line":6,"column":0},"end":{"line":6,"column":40}},"6":{"start":{"line":7,"column":0},"end":{"line":7,"column":41}},"7":{"start":{"line":8,"column":0},"end":{"line":8,"column":9}},"8":{"start":{"line":9,"column":0},"end":{"line":9,"column":15}},"9":{"start":{"line":10,"column":0},"end":{"line":10,"column":29}},"10":{"start":{"line":11,"column":0},"end":{"line":11,"column":16}},"11":{"start":{"line":12,"column":0},"end":{"line":12,"column":4}},"12":{"start":{"line":13,"column":0},"end":{"line":13,"column":67}},"13":{"start":{"line":14,"column":0},"end":{"line":14,"column":4}},"15":{"start":{"line":16,"column":0},"end":{"line":16,"column":40}},"16":{"start":{"line":17,"column":0},"end":{"line":17,"column":9}},"17":{"start":{"line":18,"column":0},"end":{"line":18,"column":38}},"18":{"start":{"line":19,"column":0},"end":{"line":19,"column":29}},"19":{"start":{"line":20,"column":0},"end":{"line":20,"column":16}},"20":{"start":{"line":21,"column":0},"end":{"line":21,"column":4}},"21":{"start":{"line":22,"column":0},"end":{"line":22,"column":65}},"22":{"start":{"line":23,"column":0},"end":{"line":23,"column":4}},"24":{"start":{"line":25,"column":0},"end":{"line":25,"column":39}},"25":{"start":{"line":26,"column":0},"end":{"line":26,"column":9}},"26":{"start":{"line":27,"column":0},"end":{"line":27,"column":15}},"27":{"start":{"line":28,"column":0},"end":{"line":28,"column":37}},"28":{"start":{"line":29,"column":0},"end":{"line":29,"column":16}},"29":{"start":{"line":30,"column":0},"end":{"line":30,"column":4}},"30":{"start":{"line":31,"column":0},"end":{"line":31,"column":71}},"31":{"start":{"line":32,"column":0},"end":{"line":32,"column":4}},"33":{"start":{"line":34,"column":0},"end":{"line":34,"column":40}},"34":{"start":{"line":35,"column":0},"end":{"line":35,"column":9}},"35":{"start":{"line":36,"column":0},"end":{"line":36,"column":15}},"36":{"start":{"line":37,"column":0},"end":{"line":37,"column":37}},"37":{"start":{"line":38,"column":0},"end":{"line":38,"column":37}},"38":{"start":{"line":39,"column":0},"end":{"line":39,"column":16}},"39":{"start":{"line":40,"column":0},"end":{"line":40,"column":4}},"40":{"start":{"line":41,"column":0},"end":{"line":41,"column":71}},"41":{"start":{"line":42,"column":0},"end":{"line":42,"column":71}},"42":{"start":{"line":43,"column":0},"end":{"line":43,"column":4}},"44":{"start":{"line":45,"column":0},"end":{"line":45,"column":39}},"45":{"start":{"line":46,"column":0},"end":{"line":46,"column":31}},"46":{"start":{"line":47,"column":0},"end":{"line":47,"column":40}},"47":{"start":{"line":48,"column":0},"end":{"line":48,"column":22}},"48":{"start":{"line":49,"column":0},"end":{"line":49,"column":16}},"49":{"start":{"line":50,"column":0},"end":{"line":50,"column":4}},"50":{"start":{"line":51,"column":0},"end":{"line":51,"column":56}},"51":{"start":{"line":52,"column":0},"end":{"line":52,"column":35}},"52":{"start":{"line":53,"column":0},"end":{"line":53,"column":4}},"54":{"start":{"line":55,"column":0},"end":{"line":55,"column":34}},"55":{"start":{"line":56,"column":0},"end":{"line":56,"column":31}},"56":{"start":{"line":57,"column":0},"end":{"line":57,"column":15}},"57":{"start":{"line":58,"column":0},"end":{"line":58,"column":22}},"58":{"start":{"line":59,"column":0},"end":{"line":59,"column":16}},"59":{"start":{"line":60,"column":0},"end":{"line":60,"column":4}},"61":{"start":{"line":62,"column":0},"end":{"line":62,"column":46}},"62":{"start":{"line":63,"column":0},"end":{"line":63,"column":35}},"63":{"start":{"line":64,"column":0},"end":{"line":64,"column":4}},"64":{"start":{"line":65,"column":0},"end":{"line":65,"column":3}}},"s":{"0":1,"1":1,"2":1,"3":1,"5":1,"6":1,"7":1,"8":1,"9":1,"10":1,"11":1,"12":1,"13":1,"15":1,"16":1,"17":1,"18":1,"19":1,"20":1,"21":1,"22":1,"24":1,"25":1,"26":1,"27":1,"28":1,"29":1,"30":1,"31":1,"33":1,"34":1,"35":1,"36":1,"37":1,"38":1,"39":1,"40":1,"41":1,"42":1,"44":1,"45":1,"46":1,"47":1,"48":1,"49":1,"50":1,"51":1,"52":1,"54":1,"55":1,"56":1,"57":1,"58":1,"59":1,"61":1,"62":1,"63":1,"64":1},"branchMap":{"0":{"type":"branch","line":6,"loc":{"start":{"line":6,"column":33},"end":{"line":65,"column":3}},"locations":[{"start":{"line":6,"column":33},"end":{"line":65,"column":3}}]},"1":{"type":"branch","line":7,"loc":{"start":{"line":7,"column":34},"end":{"line":14,"column":2}},"locations":[{"start":{"line":7,"column":34},"end":{"line":14,"column":2}}]},"2":{"type":"branch","line":16,"loc":{"start":{"line":16,"column":33},"end":{"line":23,"column":2}},"locations":[{"start":{"line":16,"column":33},"end":{"line":23,"column":2}}]},"3":{"type":"branch","line":25,"loc":{"start":{"line":25,"column":32},"end":{"line":32,"column":2}},"locations":[{"start":{"line":25,"column":32},"end":{"line":32,"column":2}}]},"4":{"type":"branch","line":34,"loc":{"start":{"line":34,"column":33},"end":{"line":43,"column":2}},"locations":[{"start":{"line":34,"column":33},"end":{"line":43,"column":2}}]},"5":{"type":"branch","line":45,"loc":{"start":{"line":45,"column":32},"end":{"line":53,"column":2}},"locations":[{"start":{"line":45,"column":32},"end":{"line":53,"column":2}}]},"6":{"type":"branch","line":55,"loc":{"start":{"line":55,"column":27},"end":{"line":64,"column":2}},"locations":[{"start":{"line":55,"column":27},"end":{"line":64,"column":2}}]}},"b":{"0":[1],"1":[1],"2":[1],"3":[1],"4":[1],"5":[1],"6":[1]},"fnMap":{},"f":{}}
,"D:\\Soit-Med\\Soit-Med-Dashboard\\src\\components\\shared\\components\\__tests__\\LoadingSpinner.test.tsx": {"path":"D:\\Soit-Med\\Soit-Med-Dashboard\\src\\components\\shared\\components\\__tests__\\LoadingSpinner.test.tsx","all":false,"statementMap":{"0":{"start":{"line":1,"column":0},"end":{"line":1,"column":46}},"1":{"start":{"line":2,"column":0},"end":{"line":2,"column":56}},"2":{"start":{"line":3,"column":0},"end":{"line":3,"column":51}},"4":{"start":{"line":5,"column":0},"end":{"line":5,"column":44}},"5":{"start":{"line":6,"column":0},"end":{"line":6,"column":38}},"6":{"start":{"line":7,"column":0},"end":{"line":7,"column":51}},"7":{"start":{"line":8,"column":0},"end":{"line":8,"column":59}},"8":{"start":{"line":9,"column":0},"end":{"line":9,"column":38}},"9":{"start":{"line":10,"column":0},"end":{"line":10,"column":4}},"11":{"start":{"line":12,"column":0},"end":{"line":12,"column":45}},"12":{"start":{"line":13,"column":0},"end":{"line":13,"column":51}},"13":{"start":{"line":14,"column":0},"end":{"line":14,"column":50}},"14":{"start":{"line":15,"column":0},"end":{"line":15,"column":38}},"15":{"start":{"line":16,"column":0},"end":{"line":16,"column":4}},"17":{"start":{"line":18,"column":0},"end":{"line":18,"column":38}},"18":{"start":{"line":19,"column":0},"end":{"line":19,"column":61}},"19":{"start":{"line":20,"column":0},"end":{"line":20,"column":50}},"20":{"start":{"line":21,"column":0},"end":{"line":21,"column":38}},"21":{"start":{"line":22,"column":0},"end":{"line":22,"column":4}},"23":{"start":{"line":24,"column":0},"end":{"line":24,"column":38}},"24":{"start":{"line":25,"column":0},"end":{"line":25,"column":61}},"25":{"start":{"line":26,"column":0},"end":{"line":26,"column":51}},"26":{"start":{"line":27,"column":0},"end":{"line":27,"column":38}},"27":{"start":{"line":28,"column":0},"end":{"line":28,"column":4}},"29":{"start":{"line":30,"column":0},"end":{"line":30,"column":41}},"30":{"start":{"line":31,"column":0},"end":{"line":31,"column":47}},"31":{"start":{"line":32,"column":0},"end":{"line":32,"column":61}},"32":{"start":{"line":33,"column":0},"end":{"line":33,"column":4}},"34":{"start":{"line":35,"column":0},"end":{"line":35,"column":53}},"35":{"start":{"line":36,"column":0},"end":{"line":36,"column":29}},"36":{"start":{"line":37,"column":0},"end":{"line":37,"column":67}},"37":{"start":{"line":38,"column":0},"end":{"line":38,"column":4}},"39":{"start":{"line":40,"column":0},"end":{"line":40,"column":39}},"40":{"start":{"line":41,"column":0},"end":{"line":41,"column":31}},"41":{"start":{"line":42,"column":0},"end":{"line":42,"column":46}},"42":{"start":{"line":43,"column":0},"end":{"line":43,"column":4}},"43":{"start":{"line":44,"column":0},"end":{"line":44,"column":54}},"44":{"start":{"line":45,"column":0},"end":{"line":45,"column":54}},"45":{"start":{"line":46,"column":0},"end":{"line":46,"column":4}},"47":{"start":{"line":48,"column":0},"end":{"line":48,"column":37}},"48":{"start":{"line":49,"column":0},"end":{"line":49,"column":31}},"49":{"start":{"line":50,"column":0},"end":{"line":50,"column":18}},"50":{"start":{"line":51,"column":0},"end":{"line":51,"column":13}},"51":{"start":{"line":52,"column":0},"end":{"line":52,"column":25}},"52":{"start":{"line":53,"column":0},"end":{"line":53,"column":28}},"53":{"start":{"line":54,"column":0},"end":{"line":54,"column":5}},"54":{"start":{"line":55,"column":0},"end":{"line":55,"column":4}},"56":{"start":{"line":57,"column":0},"end":{"line":57,"column":65}},"57":{"start":{"line":58,"column":0},"end":{"line":58,"column":51}},"58":{"start":{"line":59,"column":0},"end":{"line":59,"column":38}},"59":{"start":{"line":60,"column":0},"end":{"line":60,"column":54}},"60":{"start":{"line":61,"column":0},"end":{"line":61,"column":54}},"61":{"start":{"line":62,"column":0},"end":{"line":62,"column":4}},"62":{"start":{"line":63,"column":0},"end":{"line":63,"column":3}}},"s":{"0":1,"1":1,"2":1,"4":1,"5":1,"6":1,"7":1,"8":1,"9":1,"11":1,"12":1,"13":1,"14":1,"15":1,"17":1,"18":1,"19":1,"20":1,"21":1,"23":1,"24":1,"25":1,"26":1,"27":1,"29":1,"30":1,"31":1,"32":1,"34":1,"35":1,"36":1,"37":1,"39":1,"40":1,"41":1,"42":1,"43":1,"44":1,"45":1,"47":1,"48":1,"49":1,"50":1,"51":1,"52":1,"53":1,"54":1,"56":1,"57":1,"58":1,"59":1,"60":1,"61":1,"62":1},"branchMap":{"0":{"type":"branch","line":5,"loc":{"start":{"line":5,"column":37},"end":{"line":63,"column":3}},"locations":[{"start":{"line":5,"column":37},"end":{"line":63,"column":3}}]},"1":{"type":"branch","line":6,"loc":{"start":{"line":6,"column":31},"end":{"line":10,"column":2}},"locations":[{"start":{"line":6,"column":31},"end":{"line":10,"column":2}}]},"2":{"type":"branch","line":12,"loc":{"start":{"line":12,"column":38},"end":{"line":16,"column":2}},"locations":[{"start":{"line":12,"column":38},"end":{"line":16,"column":2}}]},"3":{"type":"branch","line":18,"loc":{"start":{"line":18,"column":31},"end":{"line":22,"column":2}},"locations":[{"start":{"line":18,"column":31},"end":{"line":22,"column":2}}]},"4":{"type":"branch","line":24,"loc":{"start":{"line":24,"column":31},"end":{"line":28,"column":2}},"locations":[{"start":{"line":24,"column":31},"end":{"line":28,"column":2}}]},"5":{"type":"branch","line":30,"loc":{"start":{"line":30,"column":34},"end":{"line":33,"column":2}},"locations":[{"start":{"line":30,"column":34},"end":{"line":33,"column":2}}]},"6":{"type":"branch","line":35,"loc":{"start":{"line":35,"column":46},"end":{"line":38,"column":2}},"locations":[{"start":{"line":35,"column":46},"end":{"line":38,"column":2}}]},"7":{"type":"branch","line":40,"loc":{"start":{"line":40,"column":32},"end":{"line":46,"column":2}},"locations":[{"start":{"line":40,"column":32},"end":{"line":46,"column":2}}]},"8":{"type":"branch","line":48,"loc":{"start":{"line":48,"column":30},"end":{"line":62,"column":2}},"locations":[{"start":{"line":48,"column":30},"end":{"line":62,"column":2}}]}},"b":{"0":[1],"1":[1],"2":[1],"3":[1],"4":[1],"5":[1],"6":[1],"7":[1],"8":[1]},"fnMap":{},"f":{}}
,"D:\\Soit-Med\\Soit-Med-Dashboard\\src\\components\\shared\\components\\__tests__\\PageHeader.test.tsx": {"path":"D:\\Soit-Med\\Soit-Med-Dashboard\\src\\components\\shared\\components\\__tests__\\PageHeader.test.tsx","all":false,"statementMap":{"0":{"start":{"line":1,"column":0},"end":{"line":1,"column":46}},"1":{"start":{"line":2,"column":0},"end":{"line":2,"column":56}},"2":{"start":{"line":3,"column":0},"end":{"line":3,"column":43}},"3":{"start":{"line":4,"column":0},"end":{"line":4,"column":48}},"5":{"start":{"line":6,"column":0},"end":{"line":6,"column":40}},"6":{"start":{"line":7,"column":0},"end":{"line":7,"column":28}},"7":{"start":{"line":8,"column":0},"end":{"line":8,"column":43}},"8":{"start":{"line":9,"column":0},"end":{"line":9,"column":60}},"9":{"start":{"line":10,"column":0},"end":{"line":10,"column":4}},"11":{"start":{"line":12,"column":0},"end":{"line":12,"column":48}},"12":{"start":{"line":13,"column":0},"end":{"line":13,"column":9}},"13":{"start":{"line":14,"column":0},"end":{"line":14,"column":14}},"14":{"start":{"line":15,"column":0},"end":{"line":15,"column":21}},"15":{"start":{"line":16,"column":0},"end":{"line":16,"column":34}},"16":{"start":{"line":17,"column":0},"end":{"line":17,"column":5}},"17":{"start":{"line":18,"column":0},"end":{"line":18,"column":4}},"18":{"start":{"line":19,"column":0},"end":{"line":19,"column":67}},"19":{"start":{"line":20,"column":0},"end":{"line":20,"column":4}},"21":{"start":{"line":22,"column":0},"end":{"line":22,"column":60}},"22":{"start":{"line":23,"column":0},"end":{"line":23,"column":43}},"23":{"start":{"line":24,"column":0},"end":{"line":24,"column":73}},"24":{"start":{"line":25,"column":0},"end":{"line":25,"column":4}},"26":{"start":{"line":27,"column":0},"end":{"line":27,"column":50}},"27":{"start":{"line":28,"column":0},"end":{"line":28,"column":9}},"28":{"start":{"line":29,"column":0},"end":{"line":29,"column":14}},"29":{"start":{"line":30,"column":0},"end":{"line":30,"column":21}},"30":{"start":{"line":31,"column":0},"end":{"line":31,"column":38}},"31":{"start":{"line":32,"column":0},"end":{"line":32,"column":5}},"32":{"start":{"line":33,"column":0},"end":{"line":33,"column":4}},"33":{"start":{"line":34,"column":0},"end":{"line":34,"column":59}},"34":{"start":{"line":35,"column":0},"end":{"line":35,"column":4}},"36":{"start":{"line":37,"column":0},"end":{"line":37,"column":55}},"37":{"start":{"line":38,"column":0},"end":{"line":38,"column":43}},"38":{"start":{"line":39,"column":0},"end":{"line":39,"column":63}},"39":{"start":{"line":40,"column":0},"end":{"line":40,"column":4}},"41":{"start":{"line":42,"column":0},"end":{"line":42,"column":39}},"42":{"start":{"line":43,"column":0},"end":{"line":43,"column":31}},"43":{"start":{"line":44,"column":0},"end":{"line":44,"column":60}},"44":{"start":{"line":45,"column":0},"end":{"line":45,"column":4}},"45":{"start":{"line":46,"column":0},"end":{"line":46,"column":53}},"46":{"start":{"line":47,"column":0},"end":{"line":47,"column":53}},"47":{"start":{"line":48,"column":0},"end":{"line":48,"column":4}},"49":{"start":{"line":50,"column":0},"end":{"line":50,"column":53}},"50":{"start":{"line":51,"column":0},"end":{"line":51,"column":9}},"51":{"start":{"line":52,"column":0},"end":{"line":52,"column":14}},"52":{"start":{"line":53,"column":0},"end":{"line":53,"column":21}},"53":{"start":{"line":54,"column":0},"end":{"line":54,"column":34}},"54":{"start":{"line":55,"column":0},"end":{"line":55,"column":36}},"55":{"start":{"line":56,"column":0},"end":{"line":56,"column":5}},"56":{"start":{"line":57,"column":0},"end":{"line":57,"column":4}},"58":{"start":{"line":59,"column":0},"end":{"line":59,"column":60}},"59":{"start":{"line":60,"column":0},"end":{"line":60,"column":67}},"60":{"start":{"line":61,"column":0},"end":{"line":61,"column":57}},"61":{"start":{"line":62,"column":0},"end":{"line":62,"column":4}},"62":{"start":{"line":63,"column":0},"end":{"line":63,"column":3}}},"s":{"0":1,"1":1,"2":1,"3":1,"5":1,"6":1,"7":1,"8":1,"9":1,"11":1,"12":1,"13":1,"14":1,"15":1,"16":1,"17":1,"18":1,"19":1,"21":1,"22":1,"23":1,"24":1,"26":1,"27":1,"28":1,"29":1,"30":1,"31":1,"32":1,"33":1,"34":1,"36":1,"37":1,"38":1,"39":1,"41":1,"42":1,"43":1,"44":1,"45":1,"46":1,"47":1,"49":1,"50":1,"51":1,"52":1,"53":1,"54":1,"55":1,"56":1,"58":1,"59":1,"60":1,"61":1,"62":1},"branchMap":{"0":{"type":"branch","line":6,"loc":{"start":{"line":6,"column":33},"end":{"line":63,"column":3}},"locations":[{"start":{"line":6,"column":33},"end":{"line":63,"column":3}}]},"1":{"type":"branch","line":7,"loc":{"start":{"line":7,"column":21},"end":{"line":10,"column":2}},"locations":[{"start":{"line":7,"column":21},"end":{"line":10,"column":2}}]},"2":{"type":"branch","line":12,"loc":{"start":{"line":12,"column":41},"end":{"line":20,"column":2}},"locations":[{"start":{"line":12,"column":41},"end":{"line":20,"column":2}}]},"3":{"type":"branch","line":22,"loc":{"start":{"line":22,"column":53},"end":{"line":25,"column":2}},"locations":[{"start":{"line":22,"column":53},"end":{"line":25,"column":2}}]},"4":{"type":"branch","line":27,"loc":{"start":{"line":27,"column":43},"end":{"line":35,"column":2}},"locations":[{"start":{"line":27,"column":43},"end":{"line":35,"column":2}}]},"5":{"type":"branch","line":37,"loc":{"start":{"line":37,"column":48},"end":{"line":40,"column":2}},"locations":[{"start":{"line":37,"column":48},"end":{"line":40,"column":2}}]},"6":{"type":"branch","line":42,"loc":{"start":{"line":42,"column":32},"end":{"line":48,"column":2}},"locations":[{"start":{"line":42,"column":32},"end":{"line":48,"column":2}}]},"7":{"type":"branch","line":50,"loc":{"start":{"line":50,"column":46},"end":{"line":62,"column":2}},"locations":[{"start":{"line":50,"column":46},"end":{"line":62,"column":2}}]}},"b":{"0":[1],"1":[1],"2":[1],"3":[1],"4":[1],"5":[1],"6":[1],"7":[1]},"fnMap":{},"f":{}}
,"D:\\Soit-Med\\Soit-Med-Dashboard\\src\\components\\shared\\hooks\\useLocalStorage.ts": {"path":"D:\\Soit-Med\\Soit-Med-Dashboard\\src\\components\\shared\\hooks\\useLocalStorage.ts","all":false,"statementMap":{"0":{"start":{"line":1,"column":0},"end":{"line":1,"column":46}},"2":{"start":{"line":3,"column":0},"end":{"line":3,"column":69}},"3":{"start":{"line":4,"column":0},"end":{"line":4,"column":58}},"4":{"start":{"line":5,"column":0},"end":{"line":5,"column":7}},"5":{"start":{"line":6,"column":0},"end":{"line":6,"column":49}},"6":{"start":{"line":7,"column":0},"end":{"line":7,"column":49}},"7":{"start":{"line":8,"column":0},"end":{"line":8,"column":19}},"8":{"start":{"line":9,"column":0},"end":{"line":9,"column":17}},"9":{"start":{"line":10,"column":0},"end":{"line":10,"column":47}},"10":{"start":{"line":11,"column":0},"end":{"line":11,"column":9}},"11":{"start":{"line":12,"column":0},"end":{"line":12,"column":5}},"12":{"start":{"line":13,"column":0},"end":{"line":13,"column":23}},"13":{"start":{"line":14,"column":0},"end":{"line":14,"column":3}},"14":{"start":{"line":15,"column":0},"end":{"line":15,"column":4}},"16":{"start":{"line":17,"column":0},"end":{"line":17,"column":30}},"17":{"start":{"line":18,"column":0},"end":{"line":18,"column":35}},"18":{"start":{"line":19,"column":0},"end":{"line":19,"column":8}},"19":{"start":{"line":20,"column":0},"end":{"line":20,"column":24}},"20":{"start":{"line":21,"column":0},"end":{"line":21,"column":30}},"21":{"start":{"line":22,"column":0},"end":{"line":22,"column":26}},"22":{"start":{"line":23,"column":0},"end":{"line":23,"column":14}},"23":{"start":{"line":24,"column":0},"end":{"line":24,"column":33}},"24":{"start":{"line":25,"column":0},"end":{"line":25,"column":32}},"25":{"start":{"line":26,"column":0},"end":{"line":26,"column":9}},"26":{"start":{"line":27,"column":0},"end":{"line":27,"column":33}},"27":{"start":{"line":28,"column":0},"end":{"line":28,"column":6}},"28":{"start":{"line":29,"column":0},"end":{"line":29,"column":20}},"29":{"start":{"line":30,"column":0},"end":{"line":30,"column":18}},"30":{"start":{"line":31,"column":0},"end":{"line":31,"column":48}},"31":{"start":{"line":32,"column":0},"end":{"line":32,"column":10}},"32":{"start":{"line":33,"column":0},"end":{"line":33,"column":6}},"33":{"start":{"line":34,"column":0},"end":{"line":34,"column":4}},"34":{"start":{"line":35,"column":0},"end":{"line":35,"column":4}},"35":{"start":{"line":36,"column":0},"end":{"line":36,"column":20}},"36":{"start":{"line":37,"column":0},"end":{"line":37,"column":3}},"38":{"start":{"line":39,"column":0},"end":{"line":39,"column":40}},"39":{"start":{"line":40,"column":0},"end":{"line":40,"column":7}},"40":{"start":{"line":41,"column":0},"end":{"line":41,"column":39}},"41":{"start":{"line":42,"column":0},"end":{"line":42,"column":32}},"42":{"start":{"line":43,"column":0},"end":{"line":43,"column":19}},"43":{"start":{"line":44,"column":0},"end":{"line":44,"column":17}},"44":{"start":{"line":45,"column":0},"end":{"line":45,"column":48}},"45":{"start":{"line":46,"column":0},"end":{"line":46,"column":9}},"46":{"start":{"line":47,"column":0},"end":{"line":47,"column":5}},"47":{"start":{"line":48,"column":0},"end":{"line":48,"column":3}},"48":{"start":{"line":49,"column":0},"end":{"line":49,"column":25}},"50":{"start":{"line":51,"column":0},"end":{"line":51,"column":54}},"51":{"start":{"line":52,"column":0},"end":{"line":52,"column":2}}},"s":{"0":1,"2":1,"3":14,"4":8,"5":8,"6":8,"7":8,"8":1,"9":1,"10":1,"11":1,"12":1,"13":1,"14":14,"16":14,"17":14,"18":5,"19":5,"20":5,"21":1,"22":4,"23":5,"24":5,"25":5,"26":5,"27":5,"28":5,"29":1,"30":1,"31":1,"32":1,"33":1,"34":5,"35":14,"36":14,"38":14,"39":1,"40":1,"41":1,"42":1,"43":0,"44":0,"45":0,"46":0,"47":0,"48":14,"50":14,"51":14},"branchMap":{"0":{"type":"branch","line":3,"loc":{"start":{"line":3,"column":31},"end":{"line":52,"column":2}},"locations":[{"start":{"line":3,"column":31},"end":{"line":52,"column":2}}]},"1":{"type":"branch","line":4,"loc":{"start":{"line":4,"column":51},"end":{"line":15,"column":2}},"locations":[{"start":{"line":4,"column":51},"end":{"line":15,"column":2}}]},"2":{"type":"branch","line":7,"loc":{"start":{"line":7,"column":10},"end":{"line":7,"column":36}},"locations":[{"start":{"line":7,"column":10},"end":{"line":7,"column":36}}]},"3":{"type":"branch","line":7,"loc":{"start":{"line":7,"column":32},"end":{"line":7,"column":49}},"locations":[{"start":{"line":7,"column":32},"end":{"line":7,"column":49}}]},"4":{"type":"branch","line":8,"loc":{"start":{"line":8,"column":2},"end":{"line":14,"column":3}},"locations":[{"start":{"line":8,"column":2},"end":{"line":14,"column":3}}]},"5":{"type":"branch","line":18,"loc":{"start":{"line":18,"column":2},"end":{"line":35,"column":4}},"locations":[{"start":{"line":18,"column":2},"end":{"line":35,"column":4}}]},"6":{"type":"branch","line":21,"loc":{"start":{"line":21,"column":22},"end":{"line":22,"column":26}},"locations":[{"start":{"line":21,"column":22},"end":{"line":22,"column":26}}]},"7":{"type":"branch","line":22,"loc":{"start":{"line":22,"column":25},"end":{"line":23,"column":14}},"locations":[{"start":{"line":22,"column":25},"end":{"line":23,"column":14}}]},"8":{"type":"branch","line":29,"loc":{"start":{"line":29,"column":3},"end":{"line":34,"column":4}},"locations":[{"start":{"line":29,"column":3},"end":{"line":34,"column":4}}]},"9":{"type":"branch","line":39,"loc":{"start":{"line":39,"column":33},"end":{"line":49,"column":4}},"locations":[{"start":{"line":39,"column":33},"end":{"line":49,"column":4}}]},"10":{"type":"branch","line":43,"loc":{"start":{"line":43,"column":2},"end":{"line":48,"column":3}},"locations":[{"start":{"line":43,"column":2},"end":{"line":48,"column":3}}]}},"b":{"0":[14],"1":[8],"2":[2],"3":[6],"4":[1],"5":[5],"6":[1],"7":[4],"8":[1],"9":[1],"10":[0]},"fnMap":{"0":{"name":"useLocalStorage","decl":{"start":{"line":3,"column":31},"end":{"line":52,"column":2}},"loc":{"start":{"line":3,"column":31},"end":{"line":52,"column":2}},"line":3}},"f":{"0":14}}
,"D:\\Soit-Med\\Soit-Med-Dashboard\\src\\components\\shared\\hooks\\useSearch.ts": {"path":"D:\\Soit-Med\\Soit-Med-Dashboard\\src\\components\\shared\\hooks\\useSearch.ts","all":false,"statementMap":{"0":{"start":{"line":1,"column":0},"end":{"line":1,"column":55}},"8":{"start":{"line":9,"column":0},"end":{"line":9,"column":30}},"9":{"start":{"line":10,"column":0},"end":{"line":10,"column":6}},"10":{"start":{"line":11,"column":0},"end":{"line":11,"column":14}},"11":{"start":{"line":12,"column":0},"end":{"line":12,"column":24}},"12":{"start":{"line":13,"column":0},"end":{"line":13,"column":28}},"13":{"start":{"line":14,"column":0},"end":{"line":14,"column":65}},"15":{"start":{"line":16,"column":0},"end":{"line":16,"column":37}},"16":{"start":{"line":17,"column":0},"end":{"line":17,"column":31}},"18":{"start":{"line":19,"column":0},"end":{"line":19,"column":30}},"19":{"start":{"line":20,"column":0},"end":{"line":20,"column":33}},"20":{"start":{"line":21,"column":0},"end":{"line":21,"column":30}},"21":{"start":{"line":22,"column":0},"end":{"line":22,"column":36}},"22":{"start":{"line":23,"column":0},"end":{"line":23,"column":17}},"23":{"start":{"line":24,"column":0},"end":{"line":24,"column":20}},"24":{"start":{"line":25,"column":0},"end":{"line":25,"column":16}},"25":{"start":{"line":26,"column":0},"end":{"line":26,"column":31}},"26":{"start":{"line":27,"column":0},"end":{"line":27,"column":8}},"27":{"start":{"line":28,"column":0},"end":{"line":28,"column":5}},"28":{"start":{"line":29,"column":0},"end":{"line":29,"column":36}},"29":{"start":{"line":30,"column":0},"end":{"line":30,"column":17}},"30":{"start":{"line":31,"column":0},"end":{"line":31,"column":17}},"31":{"start":{"line":32,"column":0},"end":{"line":32,"column":28}},"32":{"start":{"line":33,"column":0},"end":{"line":33,"column":5}},"33":{"start":{"line":34,"column":0},"end":{"line":34,"column":17}},"34":{"start":{"line":35,"column":0},"end":{"line":35,"column":5}},"35":{"start":{"line":36,"column":0},"end":{"line":36,"column":4}},"36":{"start":{"line":37,"column":0},"end":{"line":37,"column":38}},"38":{"start":{"line":39,"column":0},"end":{"line":39,"column":53}},"39":{"start":{"line":40,"column":0},"end":{"line":40,"column":22}},"40":{"start":{"line":41,"column":0},"end":{"line":41,"column":8}},"42":{"start":{"line":43,"column":0},"end":{"line":43,"column":40}},"43":{"start":{"line":44,"column":0},"end":{"line":44,"column":20}},"44":{"start":{"line":45,"column":0},"end":{"line":45,"column":8}},"46":{"start":{"line":47,"column":0},"end":{"line":47,"column":9}},"47":{"start":{"line":48,"column":0},"end":{"line":48,"column":13}},"48":{"start":{"line":49,"column":0},"end":{"line":49,"column":15}},"49":{"start":{"line":50,"column":0},"end":{"line":50,"column":15}},"50":{"start":{"line":51,"column":0},"end":{"line":51,"column":14}},"51":{"start":{"line":52,"column":0},"end":{"line":52,"column":3}},"52":{"start":{"line":53,"column":0},"end":{"line":53,"column":2}}},"s":{"0":1,"8":1,"9":17,"10":17,"11":17,"12":17,"13":17,"15":17,"16":17,"18":8,"19":21,"20":24,"21":24,"22":21,"23":21,"24":21,"25":21,"26":21,"27":21,"28":3,"29":3,"30":3,"31":3,"32":3,"33":0,"34":21,"35":8,"36":17,"38":17,"39":7,"40":17,"42":17,"43":1,"44":17,"46":17,"47":17,"48":17,"49":17,"50":17,"51":17,"52":17},"branchMap":{"0":{"type":"branch","line":9,"loc":{"start":{"line":9,"column":25},"end":{"line":53,"column":2}},"locations":[{"start":{"line":9,"column":25},"end":{"line":53,"column":2}}]},"1":{"type":"branch","line":16,"loc":{"start":{"line":16,"column":30},"end":{"line":37,"column":4}},"locations":[{"start":{"line":16,"column":30},"end":{"line":37,"column":4}}]},"2":{"type":"branch","line":17,"loc":{"start":{"line":17,"column":19},"end":{"line":17,"column":31}},"locations":[{"start":{"line":17,"column":19},"end":{"line":17,"column":31}}]},"3":{"type":"branch","line":17,"loc":{"start":{"line":17,"column":26},"end":{"line":36,"column":4}},"locations":[{"start":{"line":17,"column":26},"end":{"line":36,"column":4}}]},"4":{"type":"branch","line":19,"loc":{"start":{"line":19,"column":21},"end":{"line":35,"column":5}},"locations":[{"start":{"line":19,"column":21},"end":{"line":35,"column":5}}]},"5":{"type":"branch","line":20,"loc":{"start":{"line":20,"column":21},"end":{"line":35,"column":4}},"locations":[{"start":{"line":20,"column":21},"end":{"line":35,"column":4}}]},"6":{"type":"branch","line":22,"loc":{"start":{"line":22,"column":35},"end":{"line":28,"column":5}},"locations":[{"start":{"line":22,"column":35},"end":{"line":28,"column":5}}]},"7":{"type":"branch","line":28,"loc":{"start":{"line":28,"column":4},"end":{"line":33,"column":5}},"locations":[{"start":{"line":28,"column":4},"end":{"line":33,"column":5}}]},"8":{"type":"branch","line":33,"loc":{"start":{"line":33,"column":4},"end":{"line":34,"column":17}},"locations":[{"start":{"line":33,"column":4},"end":{"line":34,"column":17}}]},"9":{"type":"branch","line":39,"loc":{"start":{"line":39,"column":34},"end":{"line":41,"column":4}},"locations":[{"start":{"line":39,"column":34},"end":{"line":41,"column":4}}]},"10":{"type":"branch","line":43,"loc":{"start":{"line":43,"column":33},"end":{"line":45,"column":4}},"locations":[{"start":{"line":43,"column":33},"end":{"line":45,"column":4}}]}},"b":{"0":[17],"1":[17],"2":[9],"3":[8],"4":[21],"5":[24],"6":[21],"7":[3],"8":[0],"9":[7],"10":[1]},"fnMap":{"0":{"name":"useSearch","decl":{"start":{"line":9,"column":25},"end":{"line":53,"column":2}},"loc":{"start":{"line":9,"column":25},"end":{"line":53,"column":2}},"line":9}},"f":{"0":17}}
,"D:\\Soit-Med\\Soit-Med-Dashboard\\src\\components\\shared\\hooks\\__tests__\\useLocalStorage.test.ts": {"path":"D:\\Soit-Med\\Soit-Med-Dashboard\\src\\components\\shared\\hooks\\__tests__\\useLocalStorage.test.ts","all":false,"statementMap":{"0":{"start":{"line":1,"column":0},"end":{"line":1,"column":73}},"1":{"start":{"line":2,"column":0},"end":{"line":2,"column":57}},"2":{"start":{"line":3,"column":0},"end":{"line":3,"column":53}},"4":{"start":{"line":5,"column":0},"end":{"line":5,"column":40}},"5":{"start":{"line":6,"column":0},"end":{"line":6,"column":24}},"7":{"start":{"line":8,"column":0},"end":{"line":8,"column":19}},"8":{"start":{"line":9,"column":0},"end":{"line":9,"column":23}},"9":{"start":{"line":10,"column":0},"end":{"line":10,"column":21}},"10":{"start":{"line":11,"column":0},"end":{"line":11,"column":4}},"12":{"start":{"line":13,"column":0},"end":{"line":13,"column":18}},"13":{"start":{"line":14,"column":0},"end":{"line":14,"column":23}},"14":{"start":{"line":15,"column":0},"end":{"line":15,"column":4}},"16":{"start":{"line":17,"column":0},"end":{"line":17,"column":72}},"17":{"start":{"line":18,"column":0},"end":{"line":18,"column":37}},"18":{"start":{"line":19,"column":0},"end":{"line":19,"column":34}},"19":{"start":{"line":20,"column":0},"end":{"line":20,"column":4}},"21":{"start":{"line":22,"column":0},"end":{"line":22,"column":44}},"22":{"start":{"line":23,"column":0},"end":{"line":23,"column":4}},"24":{"start":{"line":25,"column":0},"end":{"line":25,"column":55}},"25":{"start":{"line":26,"column":0},"end":{"line":26,"column":60}},"27":{"start":{"line":28,"column":0},"end":{"line":28,"column":37}},"28":{"start":{"line":29,"column":0},"end":{"line":29,"column":34}},"29":{"start":{"line":30,"column":0},"end":{"line":30,"column":4}},"31":{"start":{"line":32,"column":0},"end":{"line":32,"column":49}},"32":{"start":{"line":33,"column":0},"end":{"line":33,"column":4}},"34":{"start":{"line":35,"column":0},"end":{"line":35,"column":67}},"35":{"start":{"line":36,"column":0},"end":{"line":36,"column":37}},"36":{"start":{"line":37,"column":0},"end":{"line":37,"column":34}},"37":{"start":{"line":38,"column":0},"end":{"line":38,"column":4}},"39":{"start":{"line":40,"column":0},"end":{"line":40,"column":13}},"40":{"start":{"line":41,"column":0},"end":{"line":41,"column":34}},"41":{"start":{"line":42,"column":0},"end":{"line":42,"column":5}},"43":{"start":{"line":44,"column":0},"end":{"line":44,"column":46}},"44":{"start":{"line":45,"column":0},"end":{"line":45,"column":70}},"45":{"start":{"line":46,"column":0},"end":{"line":46,"column":4}},"47":{"start":{"line":48,"column":0},"end":{"line":48,"column":51}},"48":{"start":{"line":49,"column":0},"end":{"line":49,"column":37}},"49":{"start":{"line":50,"column":0},"end":{"line":50,"column":26}},"50":{"start":{"line":51,"column":0},"end":{"line":51,"column":4}},"52":{"start":{"line":53,"column":0},"end":{"line":53,"column":13}},"53":{"start":{"line":54,"column":0},"end":{"line":54,"column":41}},"54":{"start":{"line":55,"column":0},"end":{"line":55,"column":5}},"56":{"start":{"line":57,"column":0},"end":{"line":57,"column":36}},"57":{"start":{"line":58,"column":0},"end":{"line":58,"column":4}},"59":{"start":{"line":60,"column":0},"end":{"line":60,"column":53}},"60":{"start":{"line":61,"column":0},"end":{"line":61,"column":75}},"62":{"start":{"line":63,"column":0},"end":{"line":63,"column":37}},"63":{"start":{"line":64,"column":0},"end":{"line":64,"column":29}},"64":{"start":{"line":65,"column":0},"end":{"line":65,"column":4}},"66":{"start":{"line":67,"column":0},"end":{"line":67,"column":13}},"67":{"start":{"line":68,"column":0},"end":{"line":68,"column":36}},"68":{"start":{"line":69,"column":0},"end":{"line":69,"column":5}},"70":{"start":{"line":71,"column":0},"end":{"line":71,"column":51}},"71":{"start":{"line":72,"column":0},"end":{"line":72,"column":72}},"72":{"start":{"line":73,"column":0},"end":{"line":73,"column":4}},"74":{"start":{"line":75,"column":0},"end":{"line":75,"column":73}},"75":{"start":{"line":76,"column":0},"end":{"line":76,"column":37}},"76":{"start":{"line":77,"column":0},"end":{"line":77,"column":34}},"77":{"start":{"line":78,"column":0},"end":{"line":78,"column":4}},"79":{"start":{"line":80,"column":0},"end":{"line":80,"column":13}},"80":{"start":{"line":81,"column":0},"end":{"line":81,"column":35}},"81":{"start":{"line":82,"column":0},"end":{"line":82,"column":5}},"83":{"start":{"line":84,"column":0},"end":{"line":84,"column":71}},"85":{"start":{"line":86,"column":0},"end":{"line":86,"column":13}},"86":{"start":{"line":87,"column":0},"end":{"line":87,"column":23}},"87":{"start":{"line":88,"column":0},"end":{"line":88,"column":5}},"89":{"start":{"line":90,"column":0},"end":{"line":90,"column":44}},"90":{"start":{"line":91,"column":0},"end":{"line":91,"column":47}},"91":{"start":{"line":92,"column":0},"end":{"line":92,"column":4}},"93":{"start":{"line":94,"column":0},"end":{"line":94,"column":53}},"94":{"start":{"line":95,"column":0},"end":{"line":95,"column":77}},"97":{"start":{"line":98,"column":0},"end":{"line":98,"column":52}},"98":{"start":{"line":99,"column":0},"end":{"line":99,"column":43}},"99":{"start":{"line":100,"column":0},"end":{"line":100,"column":45}},"100":{"start":{"line":101,"column":0},"end":{"line":101,"column":5}},"102":{"start":{"line":103,"column":0},"end":{"line":103,"column":37}},"103":{"start":{"line":104,"column":0},"end":{"line":104,"column":34}},"104":{"start":{"line":105,"column":0},"end":{"line":105,"column":4}},"106":{"start":{"line":107,"column":0},"end":{"line":107,"column":13}},"107":{"start":{"line":108,"column":0},"end":{"line":108,"column":34}},"108":{"start":{"line":109,"column":0},"end":{"line":109,"column":5}},"111":{"start":{"line":112,"column":0},"end":{"line":112,"column":46}},"112":{"start":{"line":113,"column":0},"end":{"line":113,"column":40}},"115":{"start":{"line":116,"column":0},"end":{"line":116,"column":46}},"116":{"start":{"line":117,"column":0},"end":{"line":117,"column":27}},"117":{"start":{"line":118,"column":0},"end":{"line":118,"column":4}},"119":{"start":{"line":120,"column":0},"end":{"line":120,"column":51}},"120":{"start":{"line":121,"column":0},"end":{"line":121,"column":44}},"122":{"start":{"line":123,"column":0},"end":{"line":123,"column":77}},"124":{"start":{"line":125,"column":0},"end":{"line":125,"column":37}},"125":{"start":{"line":126,"column":0},"end":{"line":126,"column":34}},"126":{"start":{"line":127,"column":0},"end":{"line":127,"column":4}},"129":{"start":{"line":130,"column":0},"end":{"line":130,"column":44}},"130":{"start":{"line":131,"column":0},"end":{"line":131,"column":40}},"132":{"start":{"line":133,"column":0},"end":{"line":133,"column":27}},"133":{"start":{"line":134,"column":0},"end":{"line":134,"column":4}},"134":{"start":{"line":135,"column":0},"end":{"line":135,"column":3}}},"s":{"0":1,"1":1,"2":1,"4":1,"5":1,"7":1,"8":8,"9":8,"10":1,"12":1,"13":8,"14":1,"16":1,"17":1,"18":1,"19":1,"21":1,"22":1,"24":1,"25":1,"27":1,"28":1,"29":1,"31":1,"32":1,"34":1,"35":1,"36":2,"37":1,"39":1,"40":1,"41":1,"43":1,"44":1,"45":1,"47":1,"48":1,"49":2,"50":1,"52":1,"53":1,"54":1,"56":1,"57":1,"59":1,"60":1,"62":1,"63":2,"64":1,"66":1,"67":1,"68":1,"70":1,"71":1,"72":1,"74":1,"75":1,"76":3,"77":1,"79":1,"80":1,"81":1,"83":1,"85":1,"86":1,"87":1,"89":1,"90":1,"91":1,"93":1,"94":1,"97":1,"98":1,"99":1,"100":1,"102":1,"103":2,"104":1,"106":1,"107":1,"108":1,"111":1,"112":1,"115":1,"116":1,"117":1,"119":1,"120":1,"122":1,"124":1,"125":1,"126":1,"129":1,"130":1,"132":1,"133":1,"134":1},"branchMap":{"0":{"type":"branch","line":5,"loc":{"start":{"line":5,"column":33},"end":{"line":135,"column":3}},"locations":[{"start":{"line":5,"column":33},"end":{"line":135,"column":3}}]},"1":{"type":"branch","line":8,"loc":{"start":{"line":8,"column":12},"end":{"line":11,"column":2}},"locations":[{"start":{"line":8,"column":12},"end":{"line":11,"column":2}}]},"2":{"type":"branch","line":13,"loc":{"start":{"line":13,"column":11},"end":{"line":15,"column":2}},"locations":[{"start":{"line":13,"column":11},"end":{"line":15,"column":2}}]},"3":{"type":"branch","line":17,"loc":{"start":{"line":17,"column":65},"end":{"line":23,"column":2}},"locations":[{"start":{"line":17,"column":65},"end":{"line":23,"column":2}}]},"4":{"type":"branch","line":18,"loc":{"start":{"line":18,"column":32},"end":{"line":19,"column":34}},"locations":[{"start":{"line":18,"column":32},"end":{"line":19,"column":34}}]},"5":{"type":"branch","line":25,"loc":{"start":{"line":25,"column":48},"end":{"line":33,"column":2}},"locations":[{"start":{"line":25,"column":48},"end":{"line":33,"column":2}}]},"6":{"type":"branch","line":28,"loc":{"start":{"line":28,"column":32},"end":{"line":29,"column":34}},"locations":[{"start":{"line":28,"column":32},"end":{"line":29,"column":34}}]},"7":{"type":"branch","line":35,"loc":{"start":{"line":35,"column":60},"end":{"line":46,"column":2}},"locations":[{"start":{"line":35,"column":60},"end":{"line":46,"column":2}}]},"8":{"type":"branch","line":36,"loc":{"start":{"line":36,"column":32},"end":{"line":37,"column":34}},"locations":[{"start":{"line":36,"column":32},"end":{"line":37,"column":34}}]},"9":{"type":"branch","line":40,"loc":{"start":{"line":40,"column":6},"end":{"line":42,"column":3}},"locations":[{"start":{"line":40,"column":6},"end":{"line":42,"column":3}}]},"10":{"type":"branch","line":48,"loc":{"start":{"line":48,"column":44},"end":{"line":58,"column":2}},"locations":[{"start":{"line":48,"column":44},"end":{"line":58,"column":2}}]},"11":{"type":"branch","line":49,"loc":{"start":{"line":49,"column":32},"end":{"line":50,"column":26}},"locations":[{"start":{"line":49,"column":32},"end":{"line":50,"column":26}}]},"12":{"type":"branch","line":53,"loc":{"start":{"line":53,"column":6},"end":{"line":55,"column":3}},"locations":[{"start":{"line":53,"column":6},"end":{"line":55,"column":3}}]},"13":{"type":"branch","line":54,"loc":{"start":{"line":54,"column":21},"end":{"line":54,"column":39}},"locations":[{"start":{"line":54,"column":21},"end":{"line":54,"column":39}}]},"14":{"type":"branch","line":60,"loc":{"start":{"line":60,"column":46},"end":{"line":73,"column":2}},"locations":[{"start":{"line":60,"column":46},"end":{"line":73,"column":2}}]},"15":{"type":"branch","line":63,"loc":{"start":{"line":63,"column":32},"end":{"line":64,"column":29}},"locations":[{"start":{"line":63,"column":32},"end":{"line":64,"column":29}}]},"16":{"type":"branch","line":67,"loc":{"start":{"line":67,"column":6},"end":{"line":69,"column":3}},"locations":[{"start":{"line":67,"column":6},"end":{"line":69,"column":3}}]},"17":{"type":"branch","line":75,"loc":{"start":{"line":75,"column":66},"end":{"line":92,"column":2}},"locations":[{"start":{"line":75,"column":66},"end":{"line":92,"column":2}}]},"18":{"type":"branch","line":76,"loc":{"start":{"line":76,"column":32},"end":{"line":77,"column":34}},"locations":[{"start":{"line":76,"column":32},"end":{"line":77,"column":34}}]},"19":{"type":"branch","line":80,"loc":{"start":{"line":80,"column":6},"end":{"line":82,"column":3}},"locations":[{"start":{"line":80,"column":6},"end":{"line":82,"column":3}}]},"20":{"type":"branch","line":86,"loc":{"start":{"line":86,"column":6},"end":{"line":88,"column":3}},"locations":[{"start":{"line":86,"column":6},"end":{"line":88,"column":3}}]},"21":{"type":"branch","line":94,"loc":{"start":{"line":94,"column":46},"end":{"line":118,"column":2}},"locations":[{"start":{"line":94,"column":46},"end":{"line":118,"column":2}}]},"22":{"type":"branch","line":95,"loc":{"start":{"line":95,"column":67},"end":{"line":95,"column":75}},"locations":[{"start":{"line":95,"column":67},"end":{"line":95,"column":75}}]},"23":{"type":"branch","line":99,"loc":{"start":{"line":99,"column":36},"end":{"line":101,"column":3}},"locations":[{"start":{"line":99,"column":36},"end":{"line":101,"column":3}}]},"24":{"type":"branch","line":103,"loc":{"start":{"line":103,"column":32},"end":{"line":104,"column":34}},"locations":[{"start":{"line":103,"column":32},"end":{"line":104,"column":34}}]},"25":{"type":"branch","line":107,"loc":{"start":{"line":107,"column":6},"end":{"line":109,"column":3}},"locations":[{"start":{"line":107,"column":6},"end":{"line":109,"column":3}}]},"26":{"type":"branch","line":120,"loc":{"start":{"line":120,"column":44},"end":{"line":134,"column":2}},"locations":[{"start":{"line":120,"column":44},"end":{"line":134,"column":2}}]},"27":{"type":"branch","line":123,"loc":{"start":{"line":123,"column":67},"end":{"line":123,"column":75}},"locations":[{"start":{"line":123,"column":67},"end":{"line":123,"column":75}}]},"28":{"type":"branch","line":125,"loc":{"start":{"line":125,"column":32},"end":{"line":126,"column":34}},"locations":[{"start":{"line":125,"column":32},"end":{"line":126,"column":34}}]}},"b":{"0":[1],"1":[8],"2":[8],"3":[1],"4":[1],"5":[1],"6":[1],"7":[1],"8":[2],"9":[1],"10":[1],"11":[2],"12":[1],"13":[1],"14":[1],"15":[2],"16":[1],"17":[1],"18":[3],"19":[1],"20":[1],"21":[1],"22":[1],"23":[1],"24":[2],"25":[1],"26":[1],"27":[1],"28":[1]},"fnMap":{},"f":{}}
,"D:\\Soit-Med\\Soit-Med-Dashboard\\src\\components\\shared\\hooks\\__tests__\\useSearch.test.ts": {"path":"D:\\Soit-Med\\Soit-Med-Dashboard\\src\\components\\shared\\hooks\\__tests__\\useSearch.test.ts","all":false,"statementMap":{"0":{"start":{"line":1,"column":0},"end":{"line":1,"column":46}},"1":{"start":{"line":2,"column":0},"end":{"line":2,"column":57}},"2":{"start":{"line":3,"column":0},"end":{"line":3,"column":41}},"4":{"start":{"line":5,"column":0},"end":{"line":5,"column":34}},"5":{"start":{"line":6,"column":0},"end":{"line":6,"column":19}},"6":{"start":{"line":7,"column":0},"end":{"line":7,"column":57}},"7":{"start":{"line":8,"column":0},"end":{"line":8,"column":59}},"8":{"start":{"line":9,"column":0},"end":{"line":9,"column":59}},"9":{"start":{"line":10,"column":0},"end":{"line":10,"column":3}},"11":{"start":{"line":12,"column":0},"end":{"line":12,"column":49}},"12":{"start":{"line":13,"column":0},"end":{"line":13,"column":37}},"13":{"start":{"line":14,"column":0},"end":{"line":14,"column":14}},"14":{"start":{"line":15,"column":0},"end":{"line":15,"column":19}},"15":{"start":{"line":16,"column":0},"end":{"line":16,"column":27}},"16":{"start":{"line":17,"column":0},"end":{"line":17,"column":5}},"17":{"start":{"line":18,"column":0},"end":{"line":18,"column":4}},"19":{"start":{"line":20,"column":0},"end":{"line":20,"column":45}},"20":{"start":{"line":21,"column":0},"end":{"line":21,"column":56}},"21":{"start":{"line":22,"column":0},"end":{"line":22,"column":4}},"23":{"start":{"line":24,"column":0},"end":{"line":24,"column":52}},"24":{"start":{"line":25,"column":0},"end":{"line":25,"column":37}},"25":{"start":{"line":26,"column":0},"end":{"line":26,"column":14}},"26":{"start":{"line":27,"column":0},"end":{"line":27,"column":19}},"27":{"start":{"line":28,"column":0},"end":{"line":28,"column":27}},"28":{"start":{"line":29,"column":0},"end":{"line":29,"column":30}},"29":{"start":{"line":30,"column":0},"end":{"line":30,"column":5}},"30":{"start":{"line":31,"column":0},"end":{"line":31,"column":4}},"32":{"start":{"line":33,"column":0},"end":{"line":33,"column":49}},"33":{"start":{"line":34,"column":0},"end":{"line":34,"column":54}},"34":{"start":{"line":35,"column":0},"end":{"line":35,"column":65}},"35":{"start":{"line":36,"column":0},"end":{"line":36,"column":4}},"37":{"start":{"line":38,"column":0},"end":{"line":38,"column":43}},"38":{"start":{"line":39,"column":0},"end":{"line":39,"column":37}},"39":{"start":{"line":40,"column":0},"end":{"line":40,"column":14}},"40":{"start":{"line":41,"column":0},"end":{"line":41,"column":19}},"41":{"start":{"line":42,"column":0},"end":{"line":42,"column":27}},"42":{"start":{"line":43,"column":0},"end":{"line":43,"column":5}},"43":{"start":{"line":44,"column":0},"end":{"line":44,"column":4}},"45":{"start":{"line":46,"column":0},"end":{"line":46,"column":13}},"46":{"start":{"line":47,"column":0},"end":{"line":47,"column":39}},"47":{"start":{"line":48,"column":0},"end":{"line":48,"column":5}},"49":{"start":{"line":50,"column":0},"end":{"line":50,"column":54}},"50":{"start":{"line":51,"column":0},"end":{"line":51,"column":65}},"51":{"start":{"line":52,"column":0},"end":{"line":52,"column":4}},"53":{"start":{"line":54,"column":0},"end":{"line":54,"column":46}},"54":{"start":{"line":55,"column":0},"end":{"line":55,"column":37}},"55":{"start":{"line":56,"column":0},"end":{"line":56,"column":14}},"56":{"start":{"line":57,"column":0},"end":{"line":57,"column":19}},"57":{"start":{"line":58,"column":0},"end":{"line":58,"column":36}},"58":{"start":{"line":59,"column":0},"end":{"line":59,"column":5}},"59":{"start":{"line":60,"column":0},"end":{"line":60,"column":4}},"61":{"start":{"line":62,"column":0},"end":{"line":62,"column":13}},"62":{"start":{"line":63,"column":0},"end":{"line":63,"column":46}},"63":{"start":{"line":64,"column":0},"end":{"line":64,"column":5}},"65":{"start":{"line":66,"column":0},"end":{"line":66,"column":64}},"66":{"start":{"line":67,"column":0},"end":{"line":67,"column":4}},"68":{"start":{"line":69,"column":0},"end":{"line":69,"column":43}},"69":{"start":{"line":70,"column":0},"end":{"line":70,"column":37}},"70":{"start":{"line":71,"column":0},"end":{"line":71,"column":14}},"71":{"start":{"line":72,"column":0},"end":{"line":72,"column":19}},"72":{"start":{"line":73,"column":0},"end":{"line":73,"column":25}},"73":{"start":{"line":74,"column":0},"end":{"line":74,"column":5}},"74":{"start":{"line":75,"column":0},"end":{"line":75,"column":4}},"76":{"start":{"line":77,"column":0},"end":{"line":77,"column":13}},"77":{"start":{"line":78,"column":0},"end":{"line":78,"column":36}},"78":{"start":{"line":79,"column":0},"end":{"line":79,"column":5}},"80":{"start":{"line":81,"column":0},"end":{"line":81,"column":54}},"81":{"start":{"line":82,"column":0},"end":{"line":82,"column":52}},"82":{"start":{"line":83,"column":0},"end":{"line":83,"column":4}},"84":{"start":{"line":85,"column":0},"end":{"line":85,"column":47}},"85":{"start":{"line":86,"column":0},"end":{"line":86,"column":37}},"86":{"start":{"line":87,"column":0},"end":{"line":87,"column":14}},"87":{"start":{"line":88,"column":0},"end":{"line":88,"column":19}},"88":{"start":{"line":89,"column":0},"end":{"line":89,"column":27}},"89":{"start":{"line":90,"column":0},"end":{"line":90,"column":5}},"90":{"start":{"line":91,"column":0},"end":{"line":91,"column":4}},"92":{"start":{"line":93,"column":0},"end":{"line":93,"column":13}},"93":{"start":{"line":94,"column":0},"end":{"line":94,"column":39}},"94":{"start":{"line":95,"column":0},"end":{"line":95,"column":5}},"96":{"start":{"line":97,"column":0},"end":{"line":97,"column":54}},"97":{"start":{"line":98,"column":0},"end":{"line":98,"column":65}},"98":{"start":{"line":99,"column":0},"end":{"line":99,"column":4}},"100":{"start":{"line":101,"column":0},"end":{"line":101,"column":57}},"101":{"start":{"line":102,"column":0},"end":{"line":102,"column":37}},"102":{"start":{"line":103,"column":0},"end":{"line":103,"column":14}},"103":{"start":{"line":104,"column":0},"end":{"line":104,"column":19}},"104":{"start":{"line":105,"column":0},"end":{"line":105,"column":27}},"105":{"start":{"line":106,"column":0},"end":{"line":106,"column":5}},"106":{"start":{"line":107,"column":0},"end":{"line":107,"column":4}},"108":{"start":{"line":109,"column":0},"end":{"line":109,"column":13}},"109":{"start":{"line":110,"column":0},"end":{"line":110,"column":39}},"110":{"start":{"line":111,"column":0},"end":{"line":111,"column":5}},"112":{"start":{"line":113,"column":0},"end":{"line":113,"column":54}},"114":{"start":{"line":115,"column":0},"end":{"line":115,"column":13}},"115":{"start":{"line":116,"column":0},"end":{"line":116,"column":32}},"116":{"start":{"line":117,"column":0},"end":{"line":117,"column":5}},"118":{"start":{"line":119,"column":0},"end":{"line":119,"column":45}},"119":{"start":{"line":120,"column":0},"end":{"line":120,"column":56}},"120":{"start":{"line":121,"column":0},"end":{"line":121,"column":4}},"122":{"start":{"line":123,"column":0},"end":{"line":123,"column":56}},"123":{"start":{"line":124,"column":0},"end":{"line":124,"column":37}},"124":{"start":{"line":125,"column":0},"end":{"line":125,"column":14}},"125":{"start":{"line":126,"column":0},"end":{"line":126,"column":19}},"126":{"start":{"line":127,"column":0},"end":{"line":127,"column":27}},"127":{"start":{"line":128,"column":0},"end":{"line":128,"column":5}},"128":{"start":{"line":129,"column":0},"end":{"line":129,"column":4}},"130":{"start":{"line":131,"column":0},"end":{"line":131,"column":13}},"131":{"start":{"line":132,"column":0},"end":{"line":132,"column":46}},"132":{"start":{"line":133,"column":0},"end":{"line":133,"column":5}},"134":{"start":{"line":135,"column":0},"end":{"line":135,"column":54}},"135":{"start":{"line":136,"column":0},"end":{"line":136,"column":4}},"137":{"start":{"line":138,"column":0},"end":{"line":138,"column":39}},"138":{"start":{"line":139,"column":0},"end":{"line":139,"column":37}},"139":{"start":{"line":140,"column":0},"end":{"line":140,"column":14}},"140":{"start":{"line":141,"column":0},"end":{"line":141,"column":13}},"141":{"start":{"line":142,"column":0},"end":{"line":142,"column":27}},"142":{"start":{"line":143,"column":0},"end":{"line":143,"column":5}},"143":{"start":{"line":144,"column":0},"end":{"line":144,"column":4}},"145":{"start":{"line":146,"column":0},"end":{"line":146,"column":13}},"146":{"start":{"line":147,"column":0},"end":{"line":147,"column":39}},"147":{"start":{"line":148,"column":0},"end":{"line":148,"column":5}},"149":{"start":{"line":150,"column":0},"end":{"line":150,"column":50}},"150":{"start":{"line":151,"column":0},"end":{"line":151,"column":4}},"151":{"start":{"line":152,"column":0},"end":{"line":152,"column":3}}},"s":{"0":1,"1":1,"2":1,"4":1,"5":1,"6":1,"7":1,"8":1,"9":1,"11":1,"12":1,"13":1,"14":1,"15":1,"16":1,"17":1,"19":1,"20":1,"21":1,"23":1,"24":1,"25":1,"26":1,"27":1,"28":1,"29":1,"30":1,"32":1,"33":1,"34":1,"35":1,"37":1,"38":1,"39":2,"40":2,"41":2,"42":2,"43":1,"45":1,"46":1,"47":1,"49":1,"50":1,"51":1,"53":1,"54":1,"55":2,"56":2,"57":2,"58":2,"59":1,"61":1,"62":1,"63":1,"65":1,"66":1,"68":1,"69":1,"70":2,"71":2,"72":2,"73":2,"74":1,"76":1,"77":1,"78":1,"80":1,"81":1,"82":1,"84":1,"85":1,"86":2,"87":2,"88":2,"89":2,"90":1,"92":1,"93":1,"94":1,"96":1,"97":1,"98":1,"100":1,"101":1,"102":3,"103":3,"104":3,"105":3,"106":1,"108":1,"109":1,"110":1,"112":1,"114":1,"115":1,"116":1,"118":1,"119":1,"120":1,"122":1,"123":1,"124":2,"125":2,"126":2,"127":2,"128":1,"130":1,"131":1,"132":1,"134":1,"135":1,"137":1,"138":1,"139":2,"140":2,"141":2,"142":2,"143":1,"145":1,"146":1,"147":1,"149":1,"150":1,"151":1},"branchMap":{"0":{"type":"branch","line":5,"loc":{"start":{"line":5,"column":27},"end":{"line":152,"column":3}},"locations":[{"start":{"line":5,"column":27},"end":{"line":152,"column":3}}]},"1":{"type":"branch","line":12,"loc":{"start":{"line":12,"column":42},"end":{"line":22,"column":2}},"locations":[{"start":{"line":12,"column":42},"end":{"line":22,"column":2}}]},"2":{"type":"branch","line":13,"loc":{"start":{"line":13,"column":32},"end":{"line":17,"column":5}},"locations":[{"start":{"line":13,"column":32},"end":{"line":17,"column":5}}]},"3":{"type":"branch","line":24,"loc":{"start":{"line":24,"column":45},"end":{"line":36,"column":2}},"locations":[{"start":{"line":24,"column":45},"end":{"line":36,"column":2}}]},"4":{"type":"branch","line":25,"loc":{"start":{"line":25,"column":32},"end":{"line":30,"column":5}},"locations":[{"start":{"line":25,"column":32},"end":{"line":30,"column":5}}]},"5":{"type":"branch","line":38,"loc":{"start":{"line":38,"column":36},"end":{"line":52,"column":2}},"locations":[{"start":{"line":38,"column":36},"end":{"line":52,"column":2}}]},"6":{"type":"branch","line":39,"loc":{"start":{"line":39,"column":32},"end":{"line":43,"column":5}},"locations":[{"start":{"line":39,"column":32},"end":{"line":43,"column":5}}]},"7":{"type":"branch","line":46,"loc":{"start":{"line":46,"column":6},"end":{"line":48,"column":3}},"locations":[{"start":{"line":46,"column":6},"end":{"line":48,"column":3}}]},"8":{"type":"branch","line":54,"loc":{"start":{"line":54,"column":39},"end":{"line":67,"column":2}},"locations":[{"start":{"line":54,"column":39},"end":{"line":67,"column":2}}]},"9":{"type":"branch","line":55,"loc":{"start":{"line":55,"column":32},"end":{"line":59,"column":5}},"locations":[{"start":{"line":55,"column":32},"end":{"line":59,"column":5}}]},"10":{"type":"branch","line":62,"loc":{"start":{"line":62,"column":6},"end":{"line":64,"column":3}},"locations":[{"start":{"line":62,"column":6},"end":{"line":64,"column":3}}]},"11":{"type":"branch","line":69,"loc":{"start":{"line":69,"column":36},"end":{"line":83,"column":2}},"locations":[{"start":{"line":69,"column":36},"end":{"line":83,"column":2}}]},"12":{"type":"branch","line":70,"loc":{"start":{"line":70,"column":32},"end":{"line":74,"column":5}},"locations":[{"start":{"line":70,"column":32},"end":{"line":74,"column":5}}]},"13":{"type":"branch","line":77,"loc":{"start":{"line":77,"column":6},"end":{"line":79,"column":3}},"locations":[{"start":{"line":77,"column":6},"end":{"line":79,"column":3}}]},"14":{"type":"branch","line":85,"loc":{"start":{"line":85,"column":40},"end":{"line":99,"column":2}},"locations":[{"start":{"line":85,"column":40},"end":{"line":99,"column":2}}]},"15":{"type":"branch","line":86,"loc":{"start":{"line":86,"column":32},"end":{"line":90,"column":5}},"locations":[{"start":{"line":86,"column":32},"end":{"line":90,"column":5}}]},"16":{"type":"branch","line":93,"loc":{"start":{"line":93,"column":6},"end":{"line":95,"column":3}},"locations":[{"start":{"line":93,"column":6},"end":{"line":95,"column":3}}]},"17":{"type":"branch","line":101,"loc":{"start":{"line":101,"column":50},"end":{"line":121,"column":2}},"locations":[{"start":{"line":101,"column":50},"end":{"line":121,"column":2}}]},"18":{"type":"branch","line":102,"loc":{"start":{"line":102,"column":32},"end":{"line":106,"column":5}},"locations":[{"start":{"line":102,"column":32},"end":{"line":106,"column":5}}]},"19":{"type":"branch","line":109,"loc":{"start":{"line":109,"column":6},"end":{"line":111,"column":3}},"locations":[{"start":{"line":109,"column":6},"end":{"line":111,"column":3}}]},"20":{"type":"branch","line":115,"loc":{"start":{"line":115,"column":6},"end":{"line":117,"column":3}},"locations":[{"start":{"line":115,"column":6},"end":{"line":117,"column":3}}]},"21":{"type":"branch","line":123,"loc":{"start":{"line":123,"column":49},"end":{"line":136,"column":2}},"locations":[{"start":{"line":123,"column":49},"end":{"line":136,"column":2}}]},"22":{"type":"branch","line":124,"loc":{"start":{"line":124,"column":32},"end":{"line":128,"column":5}},"locations":[{"start":{"line":124,"column":32},"end":{"line":128,"column":5}}]},"23":{"type":"branch","line":131,"loc":{"start":{"line":131,"column":6},"end":{"line":133,"column":3}},"locations":[{"start":{"line":131,"column":6},"end":{"line":133,"column":3}}]},"24":{"type":"branch","line":138,"loc":{"start":{"line":138,"column":32},"end":{"line":151,"column":2}},"locations":[{"start":{"line":138,"column":32},"end":{"line":151,"column":2}}]},"25":{"type":"branch","line":139,"loc":{"start":{"line":139,"column":32},"end":{"line":143,"column":5}},"locations":[{"start":{"line":139,"column":32},"end":{"line":143,"column":5}}]},"26":{"type":"branch","line":146,"loc":{"start":{"line":146,"column":6},"end":{"line":148,"column":3}},"locations":[{"start":{"line":146,"column":6},"end":{"line":148,"column":3}}]}},"b":{"0":[1],"1":[1],"2":[1],"3":[1],"4":[1],"5":[1],"6":[2],"7":[1],"8":[1],"9":[2],"10":[1],"11":[1],"12":[2],"13":[1],"14":[1],"15":[2],"16":[1],"17":[1],"18":[3],"19":[1],"20":[1],"21":[1],"22":[2],"23":[1],"24":[1],"25":[2],"26":[1]},"fnMap":{},"f":{}}
,"D:\\Soit-Med\\Soit-Med-Dashboard\\src\\components\\ui\\button.tsx": {"path":"D:\\Soit-Med\\Soit-Med-Dashboard\\src\\components\\ui\\button.tsx","all":false,"statementMap":{"0":{"start":{"line":1,"column":0},"end":{"line":1,"column":30}},"6":{"start":{"line":7,"column":0},"end":{"line":7,"column":27}},"7":{"start":{"line":8,"column":0},"end":{"line":8,"column":349}},"8":{"start":{"line":9,"column":0},"end":{"line":9,"column":3}},"9":{"start":{"line":10,"column":0},"end":{"line":10,"column":15}},"10":{"start":{"line":11,"column":0},"end":{"line":11,"column":16}},"11":{"start":{"line":12,"column":0},"end":{"line":12,"column":74}},"12":{"start":{"line":13,"column":0},"end":{"line":13,"column":20}},"13":{"start":{"line":14,"column":0},"end":{"line":14,"column":79}},"14":{"start":{"line":15,"column":0},"end":{"line":15,"column":16}},"15":{"start":{"line":16,"column":0},"end":{"line":16,"column":91}},"16":{"start":{"line":17,"column":0},"end":{"line":17,"column":18}},"17":{"start":{"line":18,"column":0},"end":{"line":18,"column":73}},"18":{"start":{"line":19,"column":0},"end":{"line":19,"column":62}},"19":{"start":{"line":20,"column":0},"end":{"line":20,"column":64}},"20":{"start":{"line":21,"column":0},"end":{"line":21,"column":8}},"21":{"start":{"line":22,"column":0},"end":{"line":22,"column":13}},"22":{"start":{"line":23,"column":0},"end":{"line":23,"column":34}},"23":{"start":{"line":24,"column":0},"end":{"line":24,"column":34}},"24":{"start":{"line":25,"column":0},"end":{"line":25,"column":35}},"25":{"start":{"line":26,"column":0},"end":{"line":26,"column":26}},"26":{"start":{"line":27,"column":0},"end":{"line":27,"column":8}},"27":{"start":{"line":28,"column":0},"end":{"line":28,"column":6}},"28":{"start":{"line":29,"column":0},"end":{"line":29,"column":22}},"29":{"start":{"line":30,"column":0},"end":{"line":30,"column":25}},"30":{"start":{"line":31,"column":0},"end":{"line":31,"column":22}},"31":{"start":{"line":32,"column":0},"end":{"line":32,"column":6}},"32":{"start":{"line":33,"column":0},"end":{"line":33,"column":3}},"33":{"start":{"line":34,"column":0},"end":{"line":34,"column":1}},"41":{"start":{"line":42,"column":0},"end":{"line":42,"column":64}},"42":{"start":{"line":43,"column":0},"end":{"line":43,"column":69}},"43":{"start":{"line":44,"column":0},"end":{"line":44,"column":42}},"44":{"start":{"line":45,"column":0},"end":{"line":45,"column":12}},"45":{"start":{"line":46,"column":0},"end":{"line":46,"column":11}},"46":{"start":{"line":47,"column":0},"end":{"line":47,"column":68}},"47":{"start":{"line":48,"column":0},"end":{"line":48,"column":17}},"48":{"start":{"line":49,"column":0},"end":{"line":49,"column":18}},"49":{"start":{"line":50,"column":0},"end":{"line":50,"column":8}},"51":{"start":{"line":52,"column":0},"end":{"line":52,"column":3}},"52":{"start":{"line":53,"column":0},"end":{"line":53,"column":1}},"53":{"start":{"line":54,"column":0},"end":{"line":54,"column":29}}},"s":{"0":1,"6":1,"7":1,"8":1,"9":1,"10":1,"11":1,"12":1,"13":1,"14":1,"15":1,"16":1,"17":1,"18":1,"19":1,"20":1,"21":1,"22":1,"23":1,"24":1,"25":1,"26":1,"27":1,"28":1,"29":1,"30":1,"31":1,"32":1,"33":1,"41":1,"42":1,"43":2,"44":2,"45":2,"46":2,"47":2,"48":2,"49":2,"51":2,"52":1,"53":1},"branchMap":{"0":{"type":"branch","line":43,"loc":{"start":{"line":43,"column":2},"end":{"line":52,"column":3}},"locations":[{"start":{"line":43,"column":2},"end":{"line":52,"column":3}}]},"1":{"type":"branch","line":44,"loc":{"start":{"line":44,"column":17},"end":{"line":44,"column":34}},"locations":[{"start":{"line":44,"column":17},"end":{"line":44,"column":34}}]}},"b":{"0":[2],"1":[0]},"fnMap":{},"f":{}}
,"D:\\Soit-Med\\Soit-Med-Dashboard\\src\\components\\ui\\card.tsx": {"path":"D:\\Soit-Med\\Soit-Med-Dashboard\\src\\components\\ui\\card.tsx","all":false,"statementMap":{"0":{"start":{"line":1,"column":0},"end":{"line":1,"column":30}},"4":{"start":{"line":5,"column":0},"end":{"line":5,"column":30}},"7":{"start":{"line":8,"column":0},"end":{"line":8,"column":37}},"8":{"start":{"line":9,"column":0},"end":{"line":9,"column":6}},"9":{"start":{"line":10,"column":0},"end":{"line":10,"column":13}},"10":{"start":{"line":11,"column":0},"end":{"line":11,"column":18}},"11":{"start":{"line":12,"column":0},"end":{"line":12,"column":65}},"12":{"start":{"line":13,"column":0},"end":{"line":13,"column":15}},"13":{"start":{"line":14,"column":0},"end":{"line":14,"column":6}},"14":{"start":{"line":15,"column":0},"end":{"line":15,"column":14}},"15":{"start":{"line":16,"column":0},"end":{"line":16,"column":4}},"16":{"start":{"line":17,"column":0},"end":{"line":17,"column":2}},"17":{"start":{"line":18,"column":0},"end":{"line":18,"column":25}},"19":{"start":{"line":20,"column":0},"end":{"line":20,"column":36}},"22":{"start":{"line":23,"column":0},"end":{"line":23,"column":37}},"23":{"start":{"line":24,"column":0},"end":{"line":24,"column":6}},"24":{"start":{"line":25,"column":0},"end":{"line":25,"column":13}},"25":{"start":{"line":26,"column":0},"end":{"line":26,"column":62}},"26":{"start":{"line":27,"column":0},"end":{"line":27,"column":14}},"27":{"start":{"line":28,"column":0},"end":{"line":28,"column":4}},"28":{"start":{"line":29,"column":0},"end":{"line":29,"column":2}},"29":{"start":{"line":30,"column":0},"end":{"line":30,"column":37}},"31":{"start":{"line":32,"column":0},"end":{"line":32,"column":35}},"34":{"start":{"line":35,"column":0},"end":{"line":35,"column":37}},"35":{"start":{"line":36,"column":0},"end":{"line":36,"column":6}},"36":{"start":{"line":37,"column":0},"end":{"line":37,"column":13}},"37":{"start":{"line":38,"column":0},"end":{"line":38,"column":18}},"38":{"start":{"line":39,"column":0},"end":{"line":39,"column":59}},"39":{"start":{"line":40,"column":0},"end":{"line":40,"column":15}},"40":{"start":{"line":41,"column":0},"end":{"line":41,"column":6}},"41":{"start":{"line":42,"column":0},"end":{"line":42,"column":14}},"42":{"start":{"line":43,"column":0},"end":{"line":43,"column":4}},"43":{"start":{"line":44,"column":0},"end":{"line":44,"column":2}},"44":{"start":{"line":45,"column":0},"end":{"line":45,"column":35}},"46":{"start":{"line":47,"column":0},"end":{"line":47,"column":41}},"49":{"start":{"line":50,"column":0},"end":{"line":50,"column":37}},"50":{"start":{"line":51,"column":0},"end":{"line":51,"column":6}},"51":{"start":{"line":52,"column":0},"end":{"line":52,"column":13}},"52":{"start":{"line":53,"column":0},"end":{"line":53,"column":62}},"53":{"start":{"line":54,"column":0},"end":{"line":54,"column":14}},"54":{"start":{"line":55,"column":0},"end":{"line":55,"column":4}},"55":{"start":{"line":56,"column":0},"end":{"line":56,"column":2}},"56":{"start":{"line":57,"column":0},"end":{"line":57,"column":47}},"58":{"start":{"line":59,"column":0},"end":{"line":59,"column":37}},"61":{"start":{"line":62,"column":0},"end":{"line":62,"column":37}},"62":{"start":{"line":63,"column":0},"end":{"line":63,"column":68}},"63":{"start":{"line":64,"column":0},"end":{"line":64,"column":2}},"64":{"start":{"line":65,"column":0},"end":{"line":65,"column":39}},"66":{"start":{"line":67,"column":0},"end":{"line":67,"column":36}},"69":{"start":{"line":70,"column":0},"end":{"line":70,"column":37}},"70":{"start":{"line":71,"column":0},"end":{"line":71,"column":6}},"71":{"start":{"line":72,"column":0},"end":{"line":72,"column":13}},"72":{"start":{"line":73,"column":0},"end":{"line":73,"column":59}},"73":{"start":{"line":74,"column":0},"end":{"line":74,"column":14}},"74":{"start":{"line":75,"column":0},"end":{"line":75,"column":4}},"75":{"start":{"line":76,"column":0},"end":{"line":76,"column":2}},"76":{"start":{"line":77,"column":0},"end":{"line":77,"column":37}}},"s":{"0":1,"4":1,"7":1,"8":6,"9":6,"10":6,"11":6,"12":6,"13":6,"14":6,"15":6,"16":6,"17":1,"19":1,"22":1,"23":6,"24":6,"25":6,"26":6,"27":6,"28":6,"29":1,"31":1,"34":1,"35":6,"36":6,"37":6,"38":6,"39":6,"40":6,"41":6,"42":6,"43":6,"44":1,"46":1,"49":1,"50":0,"51":0,"52":0,"53":0,"54":0,"55":0,"56":1,"58":1,"61":1,"62":6,"63":1,"64":1,"66":1,"69":1,"70":0,"71":0,"72":0,"73":0,"74":0,"75":0,"76":1},"branchMap":{"0":{"type":"branch","line":8,"loc":{"start":{"line":8,"column":2},"end":{"line":17,"column":2}},"locations":[{"start":{"line":8,"column":2},"end":{"line":17,"column":2}}]},"1":{"type":"branch","line":23,"loc":{"start":{"line":23,"column":2},"end":{"line":29,"column":2}},"locations":[{"start":{"line":23,"column":2},"end":{"line":29,"column":2}}]},"2":{"type":"branch","line":35,"loc":{"start":{"line":35,"column":2},"end":{"line":44,"column":2}},"locations":[{"start":{"line":35,"column":2},"end":{"line":44,"column":2}}]},"3":{"type":"branch","line":62,"loc":{"start":{"line":62,"column":2},"end":{"line":63,"column":68}},"locations":[{"start":{"line":62,"column":2},"end":{"line":63,"column":68}}]}},"b":{"0":[6],"1":[6],"2":[6],"3":[6]},"fnMap":{},"f":{}}
,"D:\\Soit-Med\\Soit-Med-Dashboard\\src\\components\\ui\\input.tsx": {"path":"D:\\Soit-Med\\Soit-Med-Dashboard\\src\\components\\ui\\input.tsx","all":false,"statementMap":{"0":{"start":{"line":1,"column":0},"end":{"line":1,"column":30}},"4":{"start":{"line":5,"column":0},"end":{"line":5,"column":80}},"5":{"start":{"line":6,"column":0},"end":{"line":6,"column":43}},"6":{"start":{"line":7,"column":0},"end":{"line":7,"column":12}},"7":{"start":{"line":8,"column":0},"end":{"line":8,"column":12}},"8":{"start":{"line":9,"column":0},"end":{"line":9,"column":19}},"9":{"start":{"line":10,"column":0},"end":{"line":10,"column":22}},"10":{"start":{"line":11,"column":0},"end":{"line":11,"column":395}},"11":{"start":{"line":12,"column":0},"end":{"line":12,"column":19}},"12":{"start":{"line":13,"column":0},"end":{"line":13,"column":10}},"13":{"start":{"line":14,"column":0},"end":{"line":14,"column":17}},"14":{"start":{"line":15,"column":0},"end":{"line":15,"column":18}},"15":{"start":{"line":16,"column":0},"end":{"line":16,"column":8}},"17":{"start":{"line":18,"column":0},"end":{"line":18,"column":3}},"18":{"start":{"line":19,"column":0},"end":{"line":19,"column":1}},"19":{"start":{"line":20,"column":0},"end":{"line":20,"column":27}}},"s":{"0":1,"4":1,"5":1,"6":3,"7":3,"8":3,"9":3,"10":3,"11":3,"12":3,"13":3,"14":3,"15":3,"17":3,"18":1,"19":1},"branchMap":{"0":{"type":"branch","line":6,"loc":{"start":{"line":6,"column":2},"end":{"line":18,"column":3}},"locations":[{"start":{"line":6,"column":2},"end":{"line":18,"column":3}}]}},"b":{"0":[3]},"fnMap":{},"f":{}}
,"D:\\Soit-Med\\Soit-Med-Dashboard\\src\\lib\\utils.ts": {"path":"D:\\Soit-Med\\Soit-Med-Dashboard\\src\\lib\\utils.ts","all":false,"statementMap":{"0":{"start":{"line":1,"column":0},"end":{"line":1,"column":44}},"3":{"start":{"line":4,"column":0},"end":{"line":4,"column":45}},"4":{"start":{"line":5,"column":0},"end":{"line":5,"column":30}},"5":{"start":{"line":6,"column":0},"end":{"line":6,"column":1}}},"s":{"0":1,"3":1,"4":29,"5":29},"branchMap":{"0":{"type":"branch","line":4,"loc":{"start":{"line":4,"column":7},"end":{"line":6,"column":1}},"locations":[{"start":{"line":4,"column":7},"end":{"line":6,"column":1}}]}},"b":{"0":[29]},"fnMap":{"0":{"name":"cn","decl":{"start":{"line":4,"column":7},"end":{"line":6,"column":1}},"loc":{"start":{"line":4,"column":7},"end":{"line":6,"column":1}},"line":4}},"f":{"0":29}}
}
